SF:/Users/jong/playwright-ast-coverage/crates/playwright-ast-coverage/src/ast.rs
FN:8,_RINvNtCsfmhcg5pj9cT_23playwright_ast_coverage3ast12with_programINtNtCs1OjIl8oxbrv_5alloc3vec3VecNtNtB4_9selectors11AppSelectorENCNvB1y_34extract_app_selectors_with_regexes0EB4_
FN:8,_RINvNtCsfmhcg5pj9cT_23playwright_ast_coverage3ast12with_programINtNtCsl8K0bEFm1U0_4core6result6ResultNtNtB4_17playwright_config16PlaywrightConfigNtCshVrhPNWV4aE_6anyhow5ErrorENCNvB1D_15parse_from_path0EB4_
FN:8,_RINvNtCsfmhcg5pj9cT_23playwright_ast_coverage3ast12with_programTINtNtCs1OjIl8oxbrv_5alloc3vec3VecINtNtB4_16playwright_tests14TestOccurrenceNtNtB15_6string6StringEEIB11_IB1y_NtNtB4_9selectors18PlaywrightSelectorEEENCNvB4_17analyze_test_file0EB4_
FN:15,_RNCINvNtCsfmhcg5pj9cT_23playwright_ast_coverage3ast12with_programINtNtCs1OjIl8oxbrv_5alloc3vec3VecNtNtB6_9selectors11AppSelectorENCNvB1A_34extract_app_selectors_with_regexes0E0B6_
FN:22,_RNCINvNtCsfmhcg5pj9cT_23playwright_ast_coverage3ast12with_programINtNtCs1OjIl8oxbrv_5alloc3vec3VecNtNtB6_9selectors11AppSelectorENCNvB1A_34extract_app_selectors_with_regexes0Es_0B6_
FN:15,_RNCINvNtCsfmhcg5pj9cT_23playwright_ast_coverage3ast12with_programINtNtCsl8K0bEFm1U0_4core6result6ResultNtNtB6_17playwright_config16PlaywrightConfigNtCshVrhPNWV4aE_6anyhow5ErrorENCNvB1F_15parse_from_path0E0B6_
FN:22,_RNCINvNtCsfmhcg5pj9cT_23playwright_ast_coverage3ast12with_programINtNtCsl8K0bEFm1U0_4core6result6ResultNtNtB6_17playwright_config16PlaywrightConfigNtCshVrhPNWV4aE_6anyhow5ErrorENCNvB1F_15parse_from_path0Es_0B6_
FN:15,_RNCINvNtCsfmhcg5pj9cT_23playwright_ast_coverage3ast12with_programTINtNtCs1OjIl8oxbrv_5alloc3vec3VecINtNtB6_16playwright_tests14TestOccurrenceNtNtB17_6string6StringEEIB13_IB1A_NtNtB6_9selectors18PlaywrightSelectorEEENCNvB6_17analyze_test_file0E0B6_
FN:22,_RNCINvNtCsfmhcg5pj9cT_23playwright_ast_coverage3ast12with_programTINtNtCs1OjIl8oxbrv_5alloc3vec3VecINtNtB6_16playwright_tests14TestOccurrenceNtNtB17_6string6StringEEIB13_IB1A_NtNtB6_9selectors18PlaywrightSelectorEEENCNvB6_17analyze_test_file0Es_0B6_
FN:56,_RNvNtCsfmhcg5pj9cT_23playwright_ast_coverage3ast15expression_path
FN:36,_RNvNtCsfmhcg5pj9cT_23playwright_ast_coverage3ast21template_literal_text
FN:30,_RNvNtCsfmhcg5pj9cT_23playwright_ast_coverage3ast9span_text
FN:76,_RNvNtNtCscvFFwlzzeuW_23playwright_ast_coverage3ast5testss_45parser_reports_invalid_sources_and_extensions
FN:56,_RNvNtCscvFFwlzzeuW_23playwright_ast_coverage3ast15expression_path
FN:36,_RNvNtCscvFFwlzzeuW_23playwright_ast_coverage3ast21template_literal_text
FN:30,_RNvNtCscvFFwlzzeuW_23playwright_ast_coverage3ast9span_text
FN:8,_RINvNtCscvFFwlzzeuW_23playwright_ast_coverage3ast12with_programINtNtCs1OjIl8oxbrv_5alloc3vec3VecNtNtB14_6string6StringENCNvNtB4_15playwright_urls41extract_playwright_url_literals_from_path0EB4_
FN:8,_RINvNtCscvFFwlzzeuW_23playwright_ast_coverage3ast12with_programINtNtCs1OjIl8oxbrv_5alloc3vec3VecNtNtB4_9selectors11AppSelectorENCNvB1y_34extract_app_selectors_with_regexes0EB4_
FN:8,_RINvNtCscvFFwlzzeuW_23playwright_ast_coverage3ast12with_programINtNtCs1OjIl8oxbrv_5alloc3vec3VecNtNtB4_9selectors18PlaywrightSelectorENCNvB1y_41extract_playwright_selectors_with_regexes0EB4_
FN:8,_RINvNtCscvFFwlzzeuW_23playwright_ast_coverage3ast12with_programINtNtCs1OjIl8oxbrv_5alloc3vec3VecTNtNtB14_6string6StringNtNtB4_16playwright_tests10TestStatusEENCNvNtB4_15playwright_urls34extract_playwright_url_occurrences0EB4_
FN:8,_RINvNtCscvFFwlzzeuW_23playwright_ast_coverage3ast12with_programINtNtCs1OjIl8oxbrv_5alloc3vec3VecTNtNtB14_6string6StringNtNtB4_16playwright_tests10TestStatusEENCNvNtB4_9selectors39extract_playwright_selector_occurrences0EB4_
FN:8,_RINvNtCscvFFwlzzeuW_23playwright_ast_coverage3ast12with_programINtNtCsl8K0bEFm1U0_4core6result6ResultNtNtB4_17playwright_config16PlaywrightConfigNtCshVrhPNWV4aE_6anyhow5ErrorENCNvB1D_15parse_from_path0EB4_
FN:8,_RINvNtCscvFFwlzzeuW_23playwright_ast_coverage3ast12with_programTINtNtCs1OjIl8oxbrv_5alloc3vec3VecINtNtB4_16playwright_tests14TestOccurrenceNtNtB15_6string6StringEEIB11_IB1y_NtNtB4_9selectors18PlaywrightSelectorEEENCNvB4_17analyze_test_file0EB4_
FN:8,_RINvNtCscvFFwlzzeuW_23playwright_ast_coverage3ast12with_programuNCNvNtB2_5testss_45parser_reports_invalid_sources_and_extensions0EB4_
FN:8,_RINvNtCscvFFwlzzeuW_23playwright_ast_coverage3ast12with_programuNCNvNtB2_5testss_45parser_reports_invalid_sources_and_extensionss_0EB4_
FN:15,_RNCINvNtCscvFFwlzzeuW_23playwright_ast_coverage3ast12with_programINtNtCs1OjIl8oxbrv_5alloc3vec3VecNtNtB16_6string6StringENCNvNtB6_15playwright_urls41extract_playwright_url_literals_from_path0E0B6_
FN:22,_RNCINvNtCscvFFwlzzeuW_23playwright_ast_coverage3ast12with_programINtNtCs1OjIl8oxbrv_5alloc3vec3VecNtNtB16_6string6StringENCNvNtB6_15playwright_urls41extract_playwright_url_literals_from_path0Es_0B6_
FN:15,_RNCINvNtCscvFFwlzzeuW_23playwright_ast_coverage3ast12with_programINtNtCs1OjIl8oxbrv_5alloc3vec3VecNtNtB6_9selectors11AppSelectorENCNvB1A_34extract_app_selectors_with_regexes0E0B6_
FN:22,_RNCINvNtCscvFFwlzzeuW_23playwright_ast_coverage3ast12with_programINtNtCs1OjIl8oxbrv_5alloc3vec3VecNtNtB6_9selectors11AppSelectorENCNvB1A_34extract_app_selectors_with_regexes0Es_0B6_
FN:15,_RNCINvNtCscvFFwlzzeuW_23playwright_ast_coverage3ast12with_programINtNtCs1OjIl8oxbrv_5alloc3vec3VecNtNtB6_9selectors18PlaywrightSelectorENCNvB1A_41extract_playwright_selectors_with_regexes0E0B6_
FN:22,_RNCINvNtCscvFFwlzzeuW_23playwright_ast_coverage3ast12with_programINtNtCs1OjIl8oxbrv_5alloc3vec3VecNtNtB6_9selectors18PlaywrightSelectorENCNvB1A_41extract_playwright_selectors_with_regexes0Es_0B6_
FN:15,_RNCINvNtCscvFFwlzzeuW_23playwright_ast_coverage3ast12with_programINtNtCs1OjIl8oxbrv_5alloc3vec3VecTNtNtB16_6string6StringNtNtB6_16playwright_tests10TestStatusEENCNvNtB6_15playwright_urls34extract_playwright_url_occurrences0E0B6_
FN:22,_RNCINvNtCscvFFwlzzeuW_23playwright_ast_coverage3ast12with_programINtNtCs1OjIl8oxbrv_5alloc3vec3VecTNtNtB16_6string6StringNtNtB6_16playwright_tests10TestStatusEENCNvNtB6_15playwright_urls34extract_playwright_url_occurrences0Es_0B6_
FN:15,_RNCINvNtCscvFFwlzzeuW_23playwright_ast_coverage3ast12with_programINtNtCs1OjIl8oxbrv_5alloc3vec3VecTNtNtB16_6string6StringNtNtB6_16playwright_tests10TestStatusEENCNvNtB6_9selectors39extract_playwright_selector_occurrences0E0B6_
FN:22,_RNCINvNtCscvFFwlzzeuW_23playwright_ast_coverage3ast12with_programINtNtCs1OjIl8oxbrv_5alloc3vec3VecTNtNtB16_6string6StringNtNtB6_16playwright_tests10TestStatusEENCNvNtB6_9selectors39extract_playwright_selector_occurrences0Es_0B6_
FN:15,_RNCINvNtCscvFFwlzzeuW_23playwright_ast_coverage3ast12with_programINtNtCsl8K0bEFm1U0_4core6result6ResultNtNtB6_17playwright_config16PlaywrightConfigNtCshVrhPNWV4aE_6anyhow5ErrorENCNvB1F_15parse_from_path0E0B6_
FN:22,_RNCINvNtCscvFFwlzzeuW_23playwright_ast_coverage3ast12with_programINtNtCsl8K0bEFm1U0_4core6result6ResultNtNtB6_17playwright_config16PlaywrightConfigNtCshVrhPNWV4aE_6anyhow5ErrorENCNvB1F_15parse_from_path0Es_0B6_
FN:15,_RNCINvNtCscvFFwlzzeuW_23playwright_ast_coverage3ast12with_programTINtNtCs1OjIl8oxbrv_5alloc3vec3VecINtNtB6_16playwright_tests14TestOccurrenceNtNtB17_6string6StringEEIB13_IB1A_NtNtB6_9selectors18PlaywrightSelectorEEENCNvB6_17analyze_test_file0E0B6_
FN:22,_RNCINvNtCscvFFwlzzeuW_23playwright_ast_coverage3ast12with_programTINtNtCs1OjIl8oxbrv_5alloc3vec3VecINtNtB6_16playwright_tests14TestOccurrenceNtNtB17_6string6StringEEIB13_IB1A_NtNtB6_9selectors18PlaywrightSelectorEEENCNvB6_17analyze_test_file0Es_0B6_
FN:15,_RNCINvNtCscvFFwlzzeuW_23playwright_ast_coverage3ast12with_programuNCNvNtB4_5testss_45parser_reports_invalid_sources_and_extensions0E0B6_
FN:22,_RNCINvNtCscvFFwlzzeuW_23playwright_ast_coverage3ast12with_programuNCNvNtB4_5testss_45parser_reports_invalid_sources_and_extensions0Es_0B6_
FN:15,_RNCINvNtCscvFFwlzzeuW_23playwright_ast_coverage3ast12with_programuNCNvNtB4_5testss_45parser_reports_invalid_sources_and_extensionss_0E0B6_
FN:22,_RNCINvNtCscvFFwlzzeuW_23playwright_ast_coverage3ast12with_programuNCNvNtB4_5testss_45parser_reports_invalid_sources_and_extensionss_0Es_0B6_
FNDA:111,_RINvNtCsfmhcg5pj9cT_23playwright_ast_coverage3ast12with_programINtNtCs1OjIl8oxbrv_5alloc3vec3VecNtNtB4_9selectors11AppSelectorENCNvB1y_34extract_app_selectors_with_regexes0EB4_
FNDA:27,_RINvNtCsfmhcg5pj9cT_23playwright_ast_coverage3ast12with_programINtNtCsl8K0bEFm1U0_4core6result6ResultNtNtB4_17playwright_config16PlaywrightConfigNtCshVrhPNWV4aE_6anyhow5ErrorENCNvB1D_15parse_from_path0EB4_
FNDA:56,_RINvNtCsfmhcg5pj9cT_23playwright_ast_coverage3ast12with_programTINtNtCs1OjIl8oxbrv_5alloc3vec3VecINtNtB4_16playwright_tests14TestOccurrenceNtNtB15_6string6StringEEIB11_IB1y_NtNtB4_9selectors18PlaywrightSelectorEEENCNvB4_17analyze_test_file0EB4_
FNDA:0,_RNCINvNtCsfmhcg5pj9cT_23playwright_ast_coverage3ast12with_programINtNtCs1OjIl8oxbrv_5alloc3vec3VecNtNtB6_9selectors11AppSelectorENCNvB1A_34extract_app_selectors_with_regexes0E0B6_
FNDA:0,_RNCINvNtCsfmhcg5pj9cT_23playwright_ast_coverage3ast12with_programINtNtCs1OjIl8oxbrv_5alloc3vec3VecNtNtB6_9selectors11AppSelectorENCNvB1A_34extract_app_selectors_with_regexes0Es_0B6_
FNDA:0,_RNCINvNtCsfmhcg5pj9cT_23playwright_ast_coverage3ast12with_programINtNtCsl8K0bEFm1U0_4core6result6ResultNtNtB6_17playwright_config16PlaywrightConfigNtCshVrhPNWV4aE_6anyhow5ErrorENCNvB1F_15parse_from_path0E0B6_
FNDA:0,_RNCINvNtCsfmhcg5pj9cT_23playwright_ast_coverage3ast12with_programINtNtCsl8K0bEFm1U0_4core6result6ResultNtNtB6_17playwright_config16PlaywrightConfigNtCshVrhPNWV4aE_6anyhow5ErrorENCNvB1F_15parse_from_path0Es_0B6_
FNDA:0,_RNCINvNtCsfmhcg5pj9cT_23playwright_ast_coverage3ast12with_programTINtNtCs1OjIl8oxbrv_5alloc3vec3VecINtNtB6_16playwright_tests14TestOccurrenceNtNtB17_6string6StringEEIB13_IB1A_NtNtB6_9selectors18PlaywrightSelectorEEENCNvB6_17analyze_test_file0E0B6_
FNDA:0,_RNCINvNtCsfmhcg5pj9cT_23playwright_ast_coverage3ast12with_programTINtNtCs1OjIl8oxbrv_5alloc3vec3VecINtNtB6_16playwright_tests14TestOccurrenceNtNtB17_6string6StringEEIB13_IB1A_NtNtB6_9selectors18PlaywrightSelectorEEENCNvB6_17analyze_test_file0Es_0B6_
FNDA:2449,_RNvNtCsfmhcg5pj9cT_23playwright_ast_coverage3ast15expression_path
FNDA:6,_RNvNtCsfmhcg5pj9cT_23playwright_ast_coverage3ast21template_literal_text
FNDA:3,_RNvNtCsfmhcg5pj9cT_23playwright_ast_coverage3ast9span_text
FNDA:1,_RNvNtNtCscvFFwlzzeuW_23playwright_ast_coverage3ast5testss_45parser_reports_invalid_sources_and_extensions
FNDA:1321,_RNvNtCscvFFwlzzeuW_23playwright_ast_coverage3ast15expression_path
FNDA:17,_RNvNtCscvFFwlzzeuW_23playwright_ast_coverage3ast21template_literal_text
FNDA:8,_RNvNtCscvFFwlzzeuW_23playwright_ast_coverage3ast9span_text
FNDA:19,_RINvNtCscvFFwlzzeuW_23playwright_ast_coverage3ast12with_programINtNtCs1OjIl8oxbrv_5alloc3vec3VecNtNtB14_6string6StringENCNvNtB4_15playwright_urls41extract_playwright_url_literals_from_path0EB4_
FNDA:23,_RINvNtCscvFFwlzzeuW_23playwright_ast_coverage3ast12with_programINtNtCs1OjIl8oxbrv_5alloc3vec3VecNtNtB4_9selectors11AppSelectorENCNvB1y_34extract_app_selectors_with_regexes0EB4_
FNDA:17,_RINvNtCscvFFwlzzeuW_23playwright_ast_coverage3ast12with_programINtNtCs1OjIl8oxbrv_5alloc3vec3VecNtNtB4_9selectors18PlaywrightSelectorENCNvB1y_41extract_playwright_selectors_with_regexes0EB4_
FNDA:1,_RINvNtCscvFFwlzzeuW_23playwright_ast_coverage3ast12with_programINtNtCs1OjIl8oxbrv_5alloc3vec3VecTNtNtB14_6string6StringNtNtB4_16playwright_tests10TestStatusEENCNvNtB4_15playwright_urls34extract_playwright_url_occurrences0EB4_
FNDA:1,_RINvNtCscvFFwlzzeuW_23playwright_ast_coverage3ast12with_programINtNtCs1OjIl8oxbrv_5alloc3vec3VecTNtNtB14_6string6StringNtNtB4_16playwright_tests10TestStatusEENCNvNtB4_9selectors39extract_playwright_selector_occurrences0EB4_
FNDA:33,_RINvNtCscvFFwlzzeuW_23playwright_ast_coverage3ast12with_programINtNtCsl8K0bEFm1U0_4core6result6ResultNtNtB4_17playwright_config16PlaywrightConfigNtCshVrhPNWV4aE_6anyhow5ErrorENCNvB1D_15parse_from_path0EB4_
FNDA:3,_RINvNtCscvFFwlzzeuW_23playwright_ast_coverage3ast12with_programTINtNtCs1OjIl8oxbrv_5alloc3vec3VecINtNtB4_16playwright_tests14TestOccurrenceNtNtB15_6string6StringEEIB11_IB1y_NtNtB4_9selectors18PlaywrightSelectorEEENCNvB4_17analyze_test_file0EB4_
FNDA:1,_RINvNtCscvFFwlzzeuW_23playwright_ast_coverage3ast12with_programuNCNvNtB2_5testss_45parser_reports_invalid_sources_and_extensions0EB4_
FNDA:1,_RINvNtCscvFFwlzzeuW_23playwright_ast_coverage3ast12with_programuNCNvNtB2_5testss_45parser_reports_invalid_sources_and_extensionss_0EB4_
FNDA:0,_RNCINvNtCscvFFwlzzeuW_23playwright_ast_coverage3ast12with_programINtNtCs1OjIl8oxbrv_5alloc3vec3VecNtNtB16_6string6StringENCNvNtB6_15playwright_urls41extract_playwright_url_literals_from_path0E0B6_
FNDA:0,_RNCINvNtCscvFFwlzzeuW_23playwright_ast_coverage3ast12with_programINtNtCs1OjIl8oxbrv_5alloc3vec3VecNtNtB16_6string6StringENCNvNtB6_15playwright_urls41extract_playwright_url_literals_from_path0Es_0B6_
FNDA:0,_RNCINvNtCscvFFwlzzeuW_23playwright_ast_coverage3ast12with_programINtNtCs1OjIl8oxbrv_5alloc3vec3VecNtNtB6_9selectors11AppSelectorENCNvB1A_34extract_app_selectors_with_regexes0E0B6_
FNDA:2,_RNCINvNtCscvFFwlzzeuW_23playwright_ast_coverage3ast12with_programINtNtCs1OjIl8oxbrv_5alloc3vec3VecNtNtB6_9selectors11AppSelectorENCNvB1A_34extract_app_selectors_with_regexes0Es_0B6_
FNDA:0,_RNCINvNtCscvFFwlzzeuW_23playwright_ast_coverage3ast12with_programINtNtCs1OjIl8oxbrv_5alloc3vec3VecNtNtB6_9selectors18PlaywrightSelectorENCNvB1A_41extract_playwright_selectors_with_regexes0E0B6_
FNDA:0,_RNCINvNtCscvFFwlzzeuW_23playwright_ast_coverage3ast12with_programINtNtCs1OjIl8oxbrv_5alloc3vec3VecNtNtB6_9selectors18PlaywrightSelectorENCNvB1A_41extract_playwright_selectors_with_regexes0Es_0B6_
FNDA:0,_RNCINvNtCscvFFwlzzeuW_23playwright_ast_coverage3ast12with_programINtNtCs1OjIl8oxbrv_5alloc3vec3VecTNtNtB16_6string6StringNtNtB6_16playwright_tests10TestStatusEENCNvNtB6_15playwright_urls34extract_playwright_url_occurrences0E0B6_
FNDA:0,_RNCINvNtCscvFFwlzzeuW_23playwright_ast_coverage3ast12with_programINtNtCs1OjIl8oxbrv_5alloc3vec3VecTNtNtB16_6string6StringNtNtB6_16playwright_tests10TestStatusEENCNvNtB6_15playwright_urls34extract_playwright_url_occurrences0Es_0B6_
FNDA:0,_RNCINvNtCscvFFwlzzeuW_23playwright_ast_coverage3ast12with_programINtNtCs1OjIl8oxbrv_5alloc3vec3VecTNtNtB16_6string6StringNtNtB6_16playwright_tests10TestStatusEENCNvNtB6_9selectors39extract_playwright_selector_occurrences0E0B6_
FNDA:0,_RNCINvNtCscvFFwlzzeuW_23playwright_ast_coverage3ast12with_programINtNtCs1OjIl8oxbrv_5alloc3vec3VecTNtNtB16_6string6StringNtNtB6_16playwright_tests10TestStatusEENCNvNtB6_9selectors39extract_playwright_selector_occurrences0Es_0B6_
FNDA:0,_RNCINvNtCscvFFwlzzeuW_23playwright_ast_coverage3ast12with_programINtNtCsl8K0bEFm1U0_4core6result6ResultNtNtB6_17playwright_config16PlaywrightConfigNtCshVrhPNWV4aE_6anyhow5ErrorENCNvB1F_15parse_from_path0E0B6_
FNDA:0,_RNCINvNtCscvFFwlzzeuW_23playwright_ast_coverage3ast12with_programINtNtCsl8K0bEFm1U0_4core6result6ResultNtNtB6_17playwright_config16PlaywrightConfigNtCshVrhPNWV4aE_6anyhow5ErrorENCNvB1F_15parse_from_path0Es_0B6_
FNDA:0,_RNCINvNtCscvFFwlzzeuW_23playwright_ast_coverage3ast12with_programTINtNtCs1OjIl8oxbrv_5alloc3vec3VecINtNtB6_16playwright_tests14TestOccurrenceNtNtB17_6string6StringEEIB13_IB1A_NtNtB6_9selectors18PlaywrightSelectorEEENCNvB6_17analyze_test_file0E0B6_
FNDA:1,_RNCINvNtCscvFFwlzzeuW_23playwright_ast_coverage3ast12with_programTINtNtCs1OjIl8oxbrv_5alloc3vec3VecINtNtB6_16playwright_tests14TestOccurrenceNtNtB17_6string6StringEEIB13_IB1A_NtNtB6_9selectors18PlaywrightSelectorEEENCNvB6_17analyze_test_file0Es_0B6_
FNDA:1,_RNCINvNtCscvFFwlzzeuW_23playwright_ast_coverage3ast12with_programuNCNvNtB4_5testss_45parser_reports_invalid_sources_and_extensions0E0B6_
FNDA:0,_RNCINvNtCscvFFwlzzeuW_23playwright_ast_coverage3ast12with_programuNCNvNtB4_5testss_45parser_reports_invalid_sources_and_extensions0Es_0B6_
FNDA:0,_RNCINvNtCscvFFwlzzeuW_23playwright_ast_coverage3ast12with_programuNCNvNtB4_5testss_45parser_reports_invalid_sources_and_extensionss_0E0B6_
FNDA:1,_RNCINvNtCscvFFwlzzeuW_23playwright_ast_coverage3ast12with_programuNCNvNtB4_5testss_45parser_reports_invalid_sources_and_extensionss_0Es_0B6_
FNF:7
FNH:7
DA:8,293
DA:9,293
DA:10,293
DA:11,293
DA:12,293
DA:13,293
DA:14,293
DA:15,293
DA:16,292
DA:18,292
DA:19,4
DA:20,4
DA:21,4
DA:22,4
DA:23,4
DA:24,4
DA:25,288
DA:27,288
DA:28,293
DA:30,11
DA:31,11
DA:32,11
DA:33,11
DA:34,11
DA:36,23
DA:37,23
DA:38,32
DA:39,32
DA:40,32
DA:41,32
DA:42,32
DA:43,32
DA:44,32
DA:45,32
DA:47,32
DA:48,9
DA:49,9
DA:50,9
DA:51,23
DA:53,23
DA:54,23
DA:56,3770
DA:57,3770
DA:58,1860
DA:59,1490
DA:60,1490
DA:61,1490
DA:62,1490
DA:64,10
DA:65,10
DA:67,410
DA:69,3770
DA:76,1
DA:77,1
DA:78,1
DA:79,1
DA:80,1
DA:82,1
DA:83,1
DA:84,1
DA:85,1
DA:87,1
DA:88,1
BRF:0
BRH:0
LF:65
LH:65
end_of_record
SF:/Users/jong/playwright-ast-coverage/crates/playwright-ast-coverage/src/config.rs
FN:143,_RNCNvNtCsfmhcg5pj9cT_23playwright_ast_coverage6config11config_path0B5_
FN:64,_RNCNvNtCsfmhcg5pj9cT_23playwright_ast_coverage6config13load_settings0B5_
FN:78,_RNCNvNtCsfmhcg5pj9cT_23playwright_ast_coverage6config13load_settingss0_0B5_
FN:81,_RNCNvNtCsfmhcg5pj9cT_23playwright_ast_coverage6config13load_settingss1_0B5_
FN:70,_RNCNvNtCsfmhcg5pj9cT_23playwright_ast_coverage6config13load_settingss_0B5_
FN:169,_RNCNvNtCsfmhcg5pj9cT_23playwright_ast_coverage6config16config_extension0B5_
FN:211,_RNCNvNtCsfmhcg5pj9cT_23playwright_ast_coverage6config25is_playwright_config_name0B5_
FN:214,_RNCNvNtCsfmhcg5pj9cT_23playwright_ast_coverage6config25is_playwright_config_names_0B5_
FN:226,_RNCNvNtCsfmhcg5pj9cT_23playwright_ast_coverage6config27default_selector_attributes0B5_
FN:103,_RNvMNtCsfmhcg5pj9cT_23playwright_ast_coverage6configNtB2_9OneOrMany6values
FN:120,_RNvNtCsfmhcg5pj9cT_23playwright_ast_coverage6config11config_path
FN:54,_RNvNtCsfmhcg5pj9cT_23playwright_ast_coverage6config13load_settings
FN:168,_RNvNtCsfmhcg5pj9cT_23playwright_ast_coverage6config16config_extension
FN:111,_RNvNtCsfmhcg5pj9cT_23playwright_ast_coverage6config16load_file_config
FN:151,_RNvNtCsfmhcg5pj9cT_23playwright_ast_coverage6config17parse_file_config
FN:172,_RNvNtCsfmhcg5pj9cT_23playwright_ast_coverage6config19jsonc_parse_options
FN:210,_RNvNtCsfmhcg5pj9cT_23playwright_ast_coverage6config25is_playwright_config_name
FN:223,_RNvNtCsfmhcg5pj9cT_23playwright_ast_coverage6config27default_selector_attributes
FN:192,_RNvNtCsfmhcg5pj9cT_23playwright_ast_coverage6config31find_default_playwright_configs
FN:184,_RNvNtCsfmhcg5pj9cT_23playwright_ast_coverage6config7resolve
FN:143,_RNCNvNtCscvFFwlzzeuW_23playwright_ast_coverage6config11config_path0B5_
FN:64,_RNCNvNtCscvFFwlzzeuW_23playwright_ast_coverage6config13load_settings0B5_
FN:78,_RNCNvNtCscvFFwlzzeuW_23playwright_ast_coverage6config13load_settingss0_0B5_
FN:81,_RNCNvNtCscvFFwlzzeuW_23playwright_ast_coverage6config13load_settingss1_0B5_
FN:70,_RNCNvNtCscvFFwlzzeuW_23playwright_ast_coverage6config13load_settingss_0B5_
FN:169,_RNCNvNtCscvFFwlzzeuW_23playwright_ast_coverage6config16config_extension0B5_
FN:211,_RNCNvNtCscvFFwlzzeuW_23playwright_ast_coverage6config25is_playwright_config_name0B5_
FN:214,_RNCNvNtCscvFFwlzzeuW_23playwright_ast_coverage6config25is_playwright_config_names_0B5_
FN:226,_RNCNvNtCscvFFwlzzeuW_23playwright_ast_coverage6config27default_selector_attributes0B5_
FN:103,_RNvMNtCscvFFwlzzeuW_23playwright_ast_coverage6configNtB2_9OneOrMany6values
FN:120,_RNvNtCscvFFwlzzeuW_23playwright_ast_coverage6config11config_path
FN:54,_RNvNtCscvFFwlzzeuW_23playwright_ast_coverage6config13load_settings
FN:168,_RNvNtCscvFFwlzzeuW_23playwright_ast_coverage6config16config_extension
FN:111,_RNvNtCscvFFwlzzeuW_23playwright_ast_coverage6config16load_file_config
FN:151,_RNvNtCscvFFwlzzeuW_23playwright_ast_coverage6config17parse_file_config
FN:172,_RNvNtCscvFFwlzzeuW_23playwright_ast_coverage6config19jsonc_parse_options
FN:210,_RNvNtCscvFFwlzzeuW_23playwright_ast_coverage6config25is_playwright_config_name
FN:223,_RNvNtCscvFFwlzzeuW_23playwright_ast_coverage6config27default_selector_attributes
FN:192,_RNvNtCscvFFwlzzeuW_23playwright_ast_coverage6config31find_default_playwright_configs
FN:184,_RNvNtCscvFFwlzzeuW_23playwright_ast_coverage6config7resolve
FN:369,_RNvNtNtCscvFFwlzzeuW_23playwright_ast_coverage6config5testss_19invalid_yaml_errors
FN:306,_RNvNtNtCscvFFwlzzeuW_23playwright_ast_coverage6config5testss_24reads_yml_default_config
FN:313,_RNvNtNtCscvFFwlzzeuW_23playwright_ast_coverage6config5testss_25reads_json_default_config
FN:321,_RNvNtNtCscvFFwlzzeuW_23playwright_ast_coverage6config5testss_26reads_jsonc_default_config
FN:248,_RNvNtNtCscvFFwlzzeuW_23playwright_ast_coverage6config5testss_30explicit_missing_config_errors
FN:476,_RNvNtNtCscvFFwlzzeuW_23playwright_ast_coverage6config5testss_30resolve_handles_absolute_paths
FN:400,_RNvNtNtCscvFFwlzzeuW_23playwright_ast_coverage6config5testss_34old_default_config_name_is_ignored
FN:340,_RNvNtNtCscvFFwlzzeuW_23playwright_ast_coverage6config5testss_36duplicate_default_config_files_error
FN:273,_RNvNtNtCscvFFwlzzeuW_23playwright_ast_coverage6config5testss_36explicit_extensionless_config_errors
FN:236,_RNvNtNtCscvFFwlzzeuW_23playwright_ast_coverage6config5testss_36missing_default_config_uses_defaults
FN:329,_RNvNtNtCscvFFwlzzeuW_23playwright_ast_coverage6config5testss_38jsonc_config_rejects_json5_object_keys
FN:351,_RNvNtNtCscvFFwlzzeuW_23playwright_ast_coverage6config5testss_39yaml_playwright_config_path_is_resolved
FN:463,_RNvNtNtCscvFFwlzzeuW_23playwright_ast_coverage6config5testss_42is_playwright_config_name_handles_non_utf8
FN:433,_RNvNtNtCscvFFwlzzeuW_23playwright_ast_coverage6config5testss_43load_settings_handles_one_playwright_config
FN:257,_RNvNtNtCscvFFwlzzeuW_23playwright_ast_coverage6config5testss_44explicit_unsupported_config_extension_errors
FN:378,_RNvNtNtCscvFFwlzzeuW_23playwright_ast_coverage6config5testss_45selector_attributes_can_be_custom_or_disabled
FN:289,_RNvNtNtCscvFFwlzzeuW_23playwright_ast_coverage6config5testss_46reads_yaml_and_finds_default_playwright_config
FN:420,_RNvNtNtCscvFFwlzzeuW_23playwright_ast_coverage6config5testss_47yaml_playwright_config_array_paths_are_resolved
FN:361,_RNvNtNtCscvFFwlzzeuW_23playwright_ast_coverage6config5testss_48cli_playwright_config_absolute_path_is_preserved
FN:407,_RNvNtNtCscvFFwlzzeuW_23playwright_ast_coverage6config5testss_51default_discovery_finds_all_root_playwright_configs
FN:455,_RNvNtNtCscvFFwlzzeuW_23playwright_ast_coverage6config5testss_55playwright_config_name_filter_rejects_missing_extension
FN:446,_RNvNtNtCscvFFwlzzeuW_23playwright_ast_coverage6config5testss_57is_playwright_config_name_handles_no_name_or_no_extension
FN:440,_RNvNtNtCscvFFwlzzeuW_23playwright_ast_coverage6config5testss_58find_default_playwright_configs_missing_root_returns_empty
FNDA:0,_RNCNvNtCsfmhcg5pj9cT_23playwright_ast_coverage6config11config_path0B5_
FNDA:1,_RNCNvNtCsfmhcg5pj9cT_23playwright_ast_coverage6config13load_settings0B5_
FNDA:0,_RNCNvNtCsfmhcg5pj9cT_23playwright_ast_coverage6config13load_settingss0_0B5_
FNDA:51,_RNCNvNtCsfmhcg5pj9cT_23playwright_ast_coverage6config13load_settingss1_0B5_
FNDA:0,_RNCNvNtCsfmhcg5pj9cT_23playwright_ast_coverage6config13load_settingss_0B5_
FNDA:55,_RNCNvNtCsfmhcg5pj9cT_23playwright_ast_coverage6config16config_extension0B5_
FNDA:81,_RNCNvNtCsfmhcg5pj9cT_23playwright_ast_coverage6config25is_playwright_config_name0B5_
FNDA:81,_RNCNvNtCsfmhcg5pj9cT_23playwright_ast_coverage6config25is_playwright_config_names_0B5_
FNDA:72,_RNCNvNtCsfmhcg5pj9cT_23playwright_ast_coverage6config27default_selector_attributes0B5_
FNDA:0,_RNvMNtCsfmhcg5pj9cT_23playwright_ast_coverage6configNtB2_9OneOrMany6values
FNDA:56,_RNvNtCsfmhcg5pj9cT_23playwright_ast_coverage6config11config_path
FNDA:56,_RNvNtCsfmhcg5pj9cT_23playwright_ast_coverage6config13load_settings
FNDA:55,_RNvNtCsfmhcg5pj9cT_23playwright_ast_coverage6config16config_extension
FNDA:56,_RNvNtCsfmhcg5pj9cT_23playwright_ast_coverage6config16load_file_config
FNDA:55,_RNvNtCsfmhcg5pj9cT_23playwright_ast_coverage6config17parse_file_config
FNDA:0,_RNvNtCsfmhcg5pj9cT_23playwright_ast_coverage6config19jsonc_parse_options
FNDA:81,_RNvNtCsfmhcg5pj9cT_23playwright_ast_coverage6config25is_playwright_config_name
FNDA:36,_RNvNtCsfmhcg5pj9cT_23playwright_ast_coverage6config27default_selector_attributes
FNDA:54,_RNvNtCsfmhcg5pj9cT_23playwright_ast_coverage6config31find_default_playwright_configs
FNDA:2,_RNvNtCsfmhcg5pj9cT_23playwright_ast_coverage6config7resolve
FNDA:2,_RNCNvNtCscvFFwlzzeuW_23playwright_ast_coverage6config11config_path0B5_
FNDA:1,_RNCNvNtCscvFFwlzzeuW_23playwright_ast_coverage6config13load_settings0B5_
FNDA:16,_RNCNvNtCscvFFwlzzeuW_23playwright_ast_coverage6config13load_settingss0_0B5_
FNDA:19,_RNCNvNtCscvFFwlzzeuW_23playwright_ast_coverage6config13load_settingss1_0B5_
FNDA:4,_RNCNvNtCscvFFwlzzeuW_23playwright_ast_coverage6config13load_settingss_0B5_
FNDA:12,_RNCNvNtCscvFFwlzzeuW_23playwright_ast_coverage6config16config_extension0B5_
FNDA:18,_RNCNvNtCscvFFwlzzeuW_23playwright_ast_coverage6config25is_playwright_config_name0B5_
FNDA:15,_RNCNvNtCscvFFwlzzeuW_23playwright_ast_coverage6config25is_playwright_config_names_0B5_
FNDA:36,_RNCNvNtCscvFFwlzzeuW_23playwright_ast_coverage6config27default_selector_attributes0B5_
FNDA:3,_RNvMNtCscvFFwlzzeuW_23playwright_ast_coverage6configNtB2_9OneOrMany6values
FNDA:26,_RNvNtCscvFFwlzzeuW_23playwright_ast_coverage6config11config_path
FNDA:26,_RNvNtCscvFFwlzzeuW_23playwright_ast_coverage6config13load_settings
FNDA:13,_RNvNtCscvFFwlzzeuW_23playwright_ast_coverage6config16config_extension
FNDA:26,_RNvNtCscvFFwlzzeuW_23playwright_ast_coverage6config16load_file_config
FNDA:13,_RNvNtCscvFFwlzzeuW_23playwright_ast_coverage6config17parse_file_config
FNDA:2,_RNvNtCscvFFwlzzeuW_23playwright_ast_coverage6config19jsonc_parse_options
FNDA:19,_RNvNtCscvFFwlzzeuW_23playwright_ast_coverage6config25is_playwright_config_name
FNDA:18,_RNvNtCscvFFwlzzeuW_23playwright_ast_coverage6config27default_selector_attributes
FNDA:17,_RNvNtCscvFFwlzzeuW_23playwright_ast_coverage6config31find_default_playwright_configs
FNDA:9,_RNvNtCscvFFwlzzeuW_23playwright_ast_coverage6config7resolve
FNDA:1,_RNvNtNtCscvFFwlzzeuW_23playwright_ast_coverage6config5testss_19invalid_yaml_errors
FNDA:1,_RNvNtNtCscvFFwlzzeuW_23playwright_ast_coverage6config5testss_24reads_yml_default_config
FNDA:1,_RNvNtNtCscvFFwlzzeuW_23playwright_ast_coverage6config5testss_25reads_json_default_config
FNDA:1,_RNvNtNtCscvFFwlzzeuW_23playwright_ast_coverage6config5testss_26reads_jsonc_default_config
FNDA:1,_RNvNtNtCscvFFwlzzeuW_23playwright_ast_coverage6config5testss_30explicit_missing_config_errors
FNDA:1,_RNvNtNtCscvFFwlzzeuW_23playwright_ast_coverage6config5testss_30resolve_handles_absolute_paths
FNDA:1,_RNvNtNtCscvFFwlzzeuW_23playwright_ast_coverage6config5testss_34old_default_config_name_is_ignored
FNDA:1,_RNvNtNtCscvFFwlzzeuW_23playwright_ast_coverage6config5testss_36duplicate_default_config_files_error
FNDA:1,_RNvNtNtCscvFFwlzzeuW_23playwright_ast_coverage6config5testss_36explicit_extensionless_config_errors
FNDA:1,_RNvNtNtCscvFFwlzzeuW_23playwright_ast_coverage6config5testss_36missing_default_config_uses_defaults
FNDA:1,_RNvNtNtCscvFFwlzzeuW_23playwright_ast_coverage6config5testss_38jsonc_config_rejects_json5_object_keys
FNDA:1,_RNvNtNtCscvFFwlzzeuW_23playwright_ast_coverage6config5testss_39yaml_playwright_config_path_is_resolved
FNDA:1,_RNvNtNtCscvFFwlzzeuW_23playwright_ast_coverage6config5testss_42is_playwright_config_name_handles_non_utf8
FNDA:1,_RNvNtNtCscvFFwlzzeuW_23playwright_ast_coverage6config5testss_43load_settings_handles_one_playwright_config
FNDA:1,_RNvNtNtCscvFFwlzzeuW_23playwright_ast_coverage6config5testss_44explicit_unsupported_config_extension_errors
FNDA:1,_RNvNtNtCscvFFwlzzeuW_23playwright_ast_coverage6config5testss_45selector_attributes_can_be_custom_or_disabled
FNDA:1,_RNvNtNtCscvFFwlzzeuW_23playwright_ast_coverage6config5testss_46reads_yaml_and_finds_default_playwright_config
FNDA:1,_RNvNtNtCscvFFwlzzeuW_23playwright_ast_coverage6config5testss_47yaml_playwright_config_array_paths_are_resolved
FNDA:1,_RNvNtNtCscvFFwlzzeuW_23playwright_ast_coverage6config5testss_48cli_playwright_config_absolute_path_is_preserved
FNDA:1,_RNvNtNtCscvFFwlzzeuW_23playwright_ast_coverage6config5testss_51default_discovery_finds_all_root_playwright_configs
FNDA:1,_RNvNtNtCscvFFwlzzeuW_23playwright_ast_coverage6config5testss_55playwright_config_name_filter_rejects_missing_extension
FNDA:1,_RNvNtNtCscvFFwlzzeuW_23playwright_ast_coverage6config5testss_57is_playwright_config_name_handles_no_name_or_no_extension
FNDA:1,_RNvNtNtCscvFFwlzzeuW_23playwright_ast_coverage6config5testss_58find_default_playwright_configs_missing_root_returns_empty
FNF:43
FNH:43
DA:54,82
DA:55,82
DA:56,82
DA:57,82
DA:58,82
DA:59,82
DA:60,82
DA:61,75
DA:62,2
DA:63,2
DA:64,2
DA:65,2
DA:66,73
DA:67,3
DA:68,3
DA:69,3
DA:70,4
DA:71,3
DA:73,70
DA:76,75
DA:77,75
DA:78,75
DA:79,75
DA:80,75
DA:81,75
DA:83,75
DA:84,75
DA:85,75
DA:86,75
DA:87,75
DA:88,75
DA:89,75
DA:90,75
DA:91,75
DA:92,75
DA:93,75
DA:94,75
DA:95,75
DA:96,75
DA:97,75
DA:98,75
DA:99,75
DA:100,82
DA:103,3
DA:104,3
DA:105,2
DA:106,1
DA:108,3
DA:111,82
DA:112,82
DA:113,11
DA:116,68
DA:117,68
DA:118,82
DA:120,82
DA:121,82
DA:122,4
DA:123,4
DA:124,2
DA:125,2
DA:126,2
DA:127,78
DA:129,78
DA:130,312
DA:131,312
DA:132,312
DA:133,68
DA:134,244
DA:137,78
DA:138,11
DA:139,66
DA:141,1
DA:142,1
DA:143,2
DA:144,1
DA:145,1
DA:146,1
DA:149,82
DA:151,68
DA:152,68
DA:153,67
DA:154,4
DA:155,3
DA:156,2
DA:157,2
DA:158,1
DA:159,1
DA:162,1
DA:166,68
DA:168,68
DA:169,68
DA:170,68
DA:172,2
DA:173,2
DA:174,2
DA:175,2
DA:176,2
DA:177,2
DA:178,2
DA:179,2
DA:180,2
DA:181,2
DA:182,2
DA:184,11
DA:185,11
DA:186,2
DA:188,9
DA:190,11
DA:192,71
DA:193,71
DA:194,4
DA:195,67
DA:197,67
DA:198,202
DA:199,202
DA:200,202
DA:201,202
DA:202,172
DA:203,30
DA:204,30
DA:206,67
DA:207,67
DA:208,71
DA:210,100
DA:211,100
DA:212,3
DA:214,97
DA:215,1
DA:218,96
DA:219,34
DA:220,32
DA:221,100
DA:223,54
DA:224,54
DA:225,54
DA:226,108
DA:227,54
DA:228,54
DA:236,1
DA:237,1
DA:238,1
DA:239,1
DA:240,1
DA:241,1
DA:242,1
DA:243,1
DA:244,1
DA:245,1
DA:248,1
DA:249,1
DA:250,1
DA:251,1
DA:252,1
DA:253,1
DA:254,1
DA:257,1
DA:258,1
DA:259,1
DA:260,1
DA:261,1
DA:262,1
DA:263,1
DA:265,1
DA:266,1
DA:267,1
DA:268,1
DA:269,1
DA:270,1
DA:273,1
DA:274,1
DA:275,1
DA:276,1
DA:277,1
DA:278,1
DA:279,1
DA:281,1
DA:282,1
DA:283,1
DA:284,1
DA:285,1
DA:286,1
DA:289,1
DA:290,1
DA:291,1
DA:292,1
DA:293,1
DA:294,1
DA:295,1
DA:296,1
DA:297,1
DA:298,1
DA:299,1
DA:301,1
DA:303,1
DA:306,1
DA:307,1
DA:308,1
DA:309,1
DA:310,1
DA:313,1
DA:314,1
DA:315,1
DA:316,1
DA:317,1
DA:318,1
DA:321,1
DA:322,1
DA:323,1
DA:324,1
DA:325,1
DA:326,1
DA:329,1
DA:330,1
DA:331,1
DA:332,1
DA:333,1
DA:334,1
DA:335,1
DA:336,1
DA:337,1
DA:340,1
DA:341,1
DA:342,1
DA:343,1
DA:344,1
DA:345,1
DA:346,1
DA:347,1
DA:348,1
DA:351,1
DA:352,1
DA:353,1
DA:354,1
DA:356,1
DA:358,1
DA:361,1
DA:362,1
DA:363,1
DA:364,1
DA:365,1
DA:366,1
DA:369,1
DA:370,1
DA:371,1
DA:372,1
DA:373,1
DA:374,1
DA:375,1
DA:378,1
DA:379,1
DA:380,1
DA:381,1
DA:383,1
DA:385,1
DA:386,1
DA:387,1
DA:388,1
DA:389,1
DA:393,1
DA:394,1
DA:395,1
DA:396,1
DA:397,1
DA:400,1
DA:401,1
DA:402,1
DA:403,1
DA:404,1
DA:407,1
DA:408,1
DA:409,1
DA:410,1
DA:412,1
DA:413,1
DA:414,1
DA:417,1
DA:420,1
DA:421,1
DA:422,1
DA:423,1
DA:425,1
DA:426,1
DA:427,1
DA:430,1
DA:433,1
DA:434,1
DA:435,1
DA:436,1
DA:437,1
DA:440,1
DA:441,1
DA:442,1
DA:443,1
DA:446,1
DA:447,1
DA:448,1
DA:449,1
DA:450,1
DA:451,1
DA:452,1
DA:455,1
DA:456,1
DA:457,1
DA:458,1
DA:459,1
DA:460,1
DA:463,1
DA:467,1
DA:468,1
DA:470,1
DA:471,1
DA:473,1
DA:476,1
DA:477,1
DA:478,1
DA:479,1
BRF:0
BRH:0
LF:325
LH:325
end_of_record
SF:/Users/jong/playwright-ast-coverage/crates/playwright-ast-coverage/src/lib.rs
FN:1254,_RNvCsfmhcg5pj9cT_23playwright_ast_coverage10absolutize
FN:1208,_RNvCsfmhcg5pj9cT_23playwright_ast_coverage10is_ignored
FN:1250,_RNvCsfmhcg5pj9cT_23playwright_ast_coverage10slash_path
FN:1223,_RNvCsfmhcg5pj9cT_23playwright_ast_coverage10walk_files
FN:521,_RNvCsfmhcg5pj9cT_23playwright_ast_coverage11route_index
FN:1214,_RNvCsfmhcg5pj9cT_23playwright_ast_coverage13build_globset
FN:1180,_RNvCsfmhcg5pj9cT_23playwright_ast_coverage13normalize_url
FN:860,_RNvCsfmhcg5pj9cT_23playwright_ast_coverage14build_coverage
FN:1235,_RNvCsfmhcg5pj9cT_23playwright_ast_coverage14is_skipped_dir
FN:559,_RNvCsfmhcg5pj9cT_23playwright_ast_coverage14selector_index
FN:1246,_RNvCsfmhcg5pj9cT_23playwright_ast_coverage15relative_string
FN:1113,_RNvCsfmhcg5pj9cT_23playwright_ast_coverage16print_edges_text
FN:437,_RNvCsfmhcg5pj9cT_23playwright_ast_coverage17analyze_test_file
FN:644,_RNvCsfmhcg5pj9cT_23playwright_ast_coverage17route_specificity
FN:1174,_RNvCsfmhcg5pj9cT_23playwright_ast_coverage18print_related_text
FN:1165,_RNvCsfmhcg5pj9cT_23playwright_ast_coverage18related_input_file
FN:339,_RNvCsfmhcg5pj9cT_23playwright_ast_coverage19analyze_with_policy
FN:734,_RNvCsfmhcg5pj9cT_23playwright_ast_coverage19discover_test_files
FN:1058,_RNvCsfmhcg5pj9cT_23playwright_ast_coverage19print_coverage_text
FN:545,_RNvCsfmhcg5pj9cT_23playwright_ast_coverage20app_selector_targets
FN:1133,_RNvCsfmhcg5pj9cT_23playwright_ast_coverage20build_related_report
FN:823,_RNvCsfmhcg5pj9cT_23playwright_ast_coverage21test_project_contexts
FN:807,_RNvCsfmhcg5pj9cT_23playwright_ast_coverage23build_project_discovery
FN:979,_RNvCsfmhcg5pj9cT_23playwright_ast_coverage25build_duplicate_selectors
FN:833,_RNvCsfmhcg5pj9cT_23playwright_ast_coverage25matching_project_contexts
FN:1204,_RNvCsfmhcg5pj9cT_23playwright_ast_coverage26is_dynamic_pattern_segment
FN:704,_RNvCsfmhcg5pj9cT_23playwright_ast_coverage29collect_selector_source_files
FN:1047,_RNvCsfmhcg5pj9cT_23playwright_ast_coverage31has_configured_html_id_selector
FN:676,_RNvCsfmhcg5pj9cT_23playwright_ast_coverage32collect_app_selector_occurrences
FN:270,_RNvCsfmhcg5pj9cT_23playwright_ast_coverage3run
FN:238,_RNvMCsfmhcg5pj9cT_23playwright_ast_coverageNtB2_18TestProjectContext12from_project
FN:594,_RNvMs0_Csfmhcg5pj9cT_23playwright_ast_coverageNtB5_10RouteIndex10candidates
FN:608,_RNvMs1_Csfmhcg5pj9cT_23playwright_ast_coverageNtB5_13SelectorIndex7matches
FN:1040,_RNvMs2_Csfmhcg5pj9cT_23playwright_ast_coverageNtB5_20DuplicateSelectorKey5value
FN:258,_RNvMs_Csfmhcg5pj9cT_23playwright_ast_coverageNtB4_18DiscoveredTestFile18test_id_attributes
FN:247,_RNvMs_Csfmhcg5pj9cT_23playwright_ast_coverageNtB4_18DiscoveredTestFile9base_urls
FN:919,_RNCNCNvCsfmhcg5pj9cT_23playwright_ast_coverage14build_coverages0_00B5_
FN:946,_RNCNCNvCsfmhcg5pj9cT_23playwright_ast_coverage14build_coverages1_00B5_
FN:947,_RNCNCNvCsfmhcg5pj9cT_23playwright_ast_coverage14build_coverages1_0s_0B5_
FN:1026,_RNCNCNvCsfmhcg5pj9cT_23playwright_ast_coverage25build_duplicate_selectors00B5_
FN:1027,_RNCNCNvCsfmhcg5pj9cT_23playwright_ast_coverage25build_duplicate_selectors0s_0B5_
FN:1211,_RNCNvCsfmhcg5pj9cT_23playwright_ast_coverage10is_ignored0B3_
FN:1226,_RNCNvCsfmhcg5pj9cT_23playwright_ast_coverage10walk_files0B3_
FN:1228,_RNCNvCsfmhcg5pj9cT_23playwright_ast_coverage10walk_filess0_0B3_
FN:1229,_RNCNvCsfmhcg5pj9cT_23playwright_ast_coverage10walk_filess1_0B3_
FN:1227,_RNCNvCsfmhcg5pj9cT_23playwright_ast_coverage10walk_filess_0B3_
FN:883,_RNCNvCsfmhcg5pj9cT_23playwright_ast_coverage14build_coverage0B3_
FN:919,_RNCNvCsfmhcg5pj9cT_23playwright_ast_coverage14build_coverages0_0B3_
FN:943,_RNCNvCsfmhcg5pj9cT_23playwright_ast_coverage14build_coverages1_0B3_
FN:896,_RNCNvCsfmhcg5pj9cT_23playwright_ast_coverage14build_coverages_0B3_
FN:1237,_RNCNvCsfmhcg5pj9cT_23playwright_ast_coverage14is_skipped_dir0B3_
FN:1238,_RNCNvCsfmhcg5pj9cT_23playwright_ast_coverage14is_skipped_dirs_0B3_
FN:448,_RNCNvCsfmhcg5pj9cT_23playwright_ast_coverage17analyze_test_file0B3_
FN:483,_RNCNvCsfmhcg5pj9cT_23playwright_ast_coverage17analyze_test_files0_0B3_
FN:490,_RNCNvCsfmhcg5pj9cT_23playwright_ast_coverage17analyze_test_files1_0B3_
FN:479,_RNCNvCsfmhcg5pj9cT_23playwright_ast_coverage17analyze_test_files_0B3_
FN:647,_RNCNvCsfmhcg5pj9cT_23playwright_ast_coverage17route_specificity0B3_
FN:386,_RNCNvCsfmhcg5pj9cT_23playwright_ast_coverage19analyze_with_policy0B3_
FN:414,_RNCNvCsfmhcg5pj9cT_23playwright_ast_coverage19analyze_with_policys0_0B3_
FN:410,_RNCNvCsfmhcg5pj9cT_23playwright_ast_coverage19analyze_with_policys_0B3_
FN:745,_RNCNvCsfmhcg5pj9cT_23playwright_ast_coverage19discover_test_files0B3_
FN:801,_RNCNvCsfmhcg5pj9cT_23playwright_ast_coverage19discover_test_filess_0B3_
FN:1085,_RNCNvCsfmhcg5pj9cT_23playwright_ast_coverage19print_coverage_text0B3_
FN:1093,_RNCNvCsfmhcg5pj9cT_23playwright_ast_coverage19print_coverage_texts_0B3_
FN:552,_RNCNvCsfmhcg5pj9cT_23playwright_ast_coverage20app_selector_targets0B3_
FN:1136,_RNCNvCsfmhcg5pj9cT_23playwright_ast_coverage20build_related_report0B3_
FN:826,_RNCNvCsfmhcg5pj9cT_23playwright_ast_coverage21test_project_contexts0B3_
FN:1023,_RNCNvCsfmhcg5pj9cT_23playwright_ast_coverage25build_duplicate_selectors0B3_
FN:1051,_RNCNvCsfmhcg5pj9cT_23playwright_ast_coverage31has_configured_html_id_selector0B3_
FN:1055,_RNCNvCsfmhcg5pj9cT_23playwright_ast_coverage31has_configured_html_id_selectors_0B3_
FN:688,_RNCNvCsfmhcg5pj9cT_23playwright_ast_coverage32collect_app_selector_occurrences0B3_
FN:697,_RNCNvCsfmhcg5pj9cT_23playwright_ast_coverage32collect_app_selector_occurrencess_0B3_
FN:262,_RNCNvMs_Csfmhcg5pj9cT_23playwright_ast_coverageNtB6_18DiscoveredTestFile18test_id_attributes0B6_
FN:251,_RNCNvMs_Csfmhcg5pj9cT_23playwright_ast_coverageNtB6_18DiscoveredTestFile9base_urls0B6_
FN:1254,_RNvCscvFFwlzzeuW_23playwright_ast_coverage10absolutize
FN:1208,_RNvCscvFFwlzzeuW_23playwright_ast_coverage10is_ignored
FN:1250,_RNvCscvFFwlzzeuW_23playwright_ast_coverage10slash_path
FN:1223,_RNvCscvFFwlzzeuW_23playwright_ast_coverage10walk_files
FN:521,_RNvCscvFFwlzzeuW_23playwright_ast_coverage11route_index
FN:1214,_RNvCscvFFwlzzeuW_23playwright_ast_coverage13build_globset
FN:1180,_RNvCscvFFwlzzeuW_23playwright_ast_coverage13normalize_url
FN:860,_RNvCscvFFwlzzeuW_23playwright_ast_coverage14build_coverage
FN:1235,_RNvCscvFFwlzzeuW_23playwright_ast_coverage14is_skipped_dir
FN:559,_RNvCscvFFwlzzeuW_23playwright_ast_coverage14selector_index
FN:1246,_RNvCscvFFwlzzeuW_23playwright_ast_coverage15relative_string
FN:1113,_RNvCscvFFwlzzeuW_23playwright_ast_coverage16print_edges_text
FN:437,_RNvCscvFFwlzzeuW_23playwright_ast_coverage17analyze_test_file
FN:644,_RNvCscvFFwlzzeuW_23playwright_ast_coverage17route_specificity
FN:1174,_RNvCscvFFwlzzeuW_23playwright_ast_coverage18print_related_text
FN:1165,_RNvCscvFFwlzzeuW_23playwright_ast_coverage18related_input_file
FN:339,_RNvCscvFFwlzzeuW_23playwright_ast_coverage19analyze_with_policy
FN:734,_RNvCscvFFwlzzeuW_23playwright_ast_coverage19discover_test_files
FN:1058,_RNvCscvFFwlzzeuW_23playwright_ast_coverage19print_coverage_text
FN:545,_RNvCscvFFwlzzeuW_23playwright_ast_coverage20app_selector_targets
FN:1133,_RNvCscvFFwlzzeuW_23playwright_ast_coverage20build_related_report
FN:664,_RNvCscvFFwlzzeuW_23playwright_ast_coverage21collect_app_selectors
FN:823,_RNvCscvFFwlzzeuW_23playwright_ast_coverage21test_project_contexts
FN:807,_RNvCscvFFwlzzeuW_23playwright_ast_coverage23build_project_discovery
FN:979,_RNvCscvFFwlzzeuW_23playwright_ast_coverage25build_duplicate_selectors
FN:833,_RNvCscvFFwlzzeuW_23playwright_ast_coverage25matching_project_contexts
FN:1204,_RNvCscvFFwlzzeuW_23playwright_ast_coverage26is_dynamic_pattern_segment
FN:704,_RNvCscvFFwlzzeuW_23playwright_ast_coverage29collect_selector_source_files
FN:1047,_RNvCscvFFwlzzeuW_23playwright_ast_coverage31has_configured_html_id_selector
FN:676,_RNvCscvFFwlzzeuW_23playwright_ast_coverage32collect_app_selector_occurrences
FN:270,_RNvCscvFFwlzzeuW_23playwright_ast_coverage3run
FN:330,_RNvCscvFFwlzzeuW_23playwright_ast_coverage7analyze
FN:238,_RNvMCscvFFwlzzeuW_23playwright_ast_coverageNtB2_18TestProjectContext12from_project
FN:594,_RNvMs0_CscvFFwlzzeuW_23playwright_ast_coverageNtB5_10RouteIndex10candidates
FN:608,_RNvMs1_CscvFFwlzzeuW_23playwright_ast_coverageNtB5_13SelectorIndex7matches
FN:1040,_RNvMs2_CscvFFwlzzeuW_23playwright_ast_coverageNtB5_20DuplicateSelectorKey5value
FN:258,_RNvMs_CscvFFwlzzeuW_23playwright_ast_coverageNtB4_18DiscoveredTestFile18test_id_attributes
FN:247,_RNvMs_CscvFFwlzzeuW_23playwright_ast_coverageNtB4_18DiscoveredTestFile9base_urls
FN:1436,_RNCNvNtCscvFFwlzzeuW_23playwright_ast_coverage5testss_57walk_files_returns_files_and_skips_configured_directories0B5_
FN:919,_RNCNCNvCscvFFwlzzeuW_23playwright_ast_coverage14build_coverages0_00B5_
FN:946,_RNCNCNvCscvFFwlzzeuW_23playwright_ast_coverage14build_coverages1_00B5_
FN:947,_RNCNCNvCscvFFwlzzeuW_23playwright_ast_coverage14build_coverages1_0s_0B5_
FN:1026,_RNCNCNvCscvFFwlzzeuW_23playwright_ast_coverage25build_duplicate_selectors00B5_
FN:1027,_RNCNCNvCscvFFwlzzeuW_23playwright_ast_coverage25build_duplicate_selectors0s_0B5_
FN:1211,_RNCNvCscvFFwlzzeuW_23playwright_ast_coverage10is_ignored0B3_
FN:1226,_RNCNvCscvFFwlzzeuW_23playwright_ast_coverage10walk_files0B3_
FN:1228,_RNCNvCscvFFwlzzeuW_23playwright_ast_coverage10walk_filess0_0B3_
FN:1229,_RNCNvCscvFFwlzzeuW_23playwright_ast_coverage10walk_filess1_0B3_
FN:1227,_RNCNvCscvFFwlzzeuW_23playwright_ast_coverage10walk_filess_0B3_
FN:883,_RNCNvCscvFFwlzzeuW_23playwright_ast_coverage14build_coverage0B3_
FN:919,_RNCNvCscvFFwlzzeuW_23playwright_ast_coverage14build_coverages0_0B3_
FN:943,_RNCNvCscvFFwlzzeuW_23playwright_ast_coverage14build_coverages1_0B3_
FN:896,_RNCNvCscvFFwlzzeuW_23playwright_ast_coverage14build_coverages_0B3_
FN:1237,_RNCNvCscvFFwlzzeuW_23playwright_ast_coverage14is_skipped_dir0B3_
FN:1238,_RNCNvCscvFFwlzzeuW_23playwright_ast_coverage14is_skipped_dirs_0B3_
FN:448,_RNCNvCscvFFwlzzeuW_23playwright_ast_coverage17analyze_test_file0B3_
FN:483,_RNCNvCscvFFwlzzeuW_23playwright_ast_coverage17analyze_test_files0_0B3_
FN:490,_RNCNvCscvFFwlzzeuW_23playwright_ast_coverage17analyze_test_files1_0B3_
FN:479,_RNCNvCscvFFwlzzeuW_23playwright_ast_coverage17analyze_test_files_0B3_
FN:647,_RNCNvCscvFFwlzzeuW_23playwright_ast_coverage17route_specificity0B3_
FN:386,_RNCNvCscvFFwlzzeuW_23playwright_ast_coverage19analyze_with_policy0B3_
FN:414,_RNCNvCscvFFwlzzeuW_23playwright_ast_coverage19analyze_with_policys0_0B3_
FN:410,_RNCNvCscvFFwlzzeuW_23playwright_ast_coverage19analyze_with_policys_0B3_
FN:745,_RNCNvCscvFFwlzzeuW_23playwright_ast_coverage19discover_test_files0B3_
FN:801,_RNCNvCscvFFwlzzeuW_23playwright_ast_coverage19discover_test_filess_0B3_
FN:1085,_RNCNvCscvFFwlzzeuW_23playwright_ast_coverage19print_coverage_text0B3_
FN:1093,_RNCNvCscvFFwlzzeuW_23playwright_ast_coverage19print_coverage_texts_0B3_
FN:552,_RNCNvCscvFFwlzzeuW_23playwright_ast_coverage20app_selector_targets0B3_
FN:1136,_RNCNvCscvFFwlzzeuW_23playwright_ast_coverage20build_related_report0B3_
FN:826,_RNCNvCscvFFwlzzeuW_23playwright_ast_coverage21test_project_contexts0B3_
FN:1023,_RNCNvCscvFFwlzzeuW_23playwright_ast_coverage25build_duplicate_selectors0B3_
FN:1051,_RNCNvCscvFFwlzzeuW_23playwright_ast_coverage31has_configured_html_id_selector0B3_
FN:1055,_RNCNvCscvFFwlzzeuW_23playwright_ast_coverage31has_configured_html_id_selectors_0B3_
FN:688,_RNCNvCscvFFwlzzeuW_23playwright_ast_coverage32collect_app_selector_occurrences0B3_
FN:697,_RNCNvCscvFFwlzzeuW_23playwright_ast_coverage32collect_app_selector_occurrencess_0B3_
FN:262,_RNCNvMs_CscvFFwlzzeuW_23playwright_ast_coverageNtB6_18DiscoveredTestFile18test_id_attributes0B6_
FN:251,_RNCNvMs_CscvFFwlzzeuW_23playwright_ast_coverageNtB6_18DiscoveredTestFile9base_urls0B6_
FN:1912,_RNvNtCscvFFwlzzeuW_23playwright_ast_coverage5testss_26run_errors_on_invalid_root
FN:2009,_RNvNtCscvFFwlzzeuW_23playwright_ast_coverage5testss_30analyze_surfaces_parser_errors
FN:1893,_RNvNtCscvFFwlzzeuW_23playwright_ast_coverage5testss_30run_check_success_on_empty_app
FN:1777,_RNvNtCscvFFwlzzeuW_23playwright_ast_coverage5testss_31route_edges_mark_routes_covered
FN:1300,_RNvNtCscvFFwlzzeuW_23playwright_ast_coverage5testss_32normalize_url_handles_edge_cases
FN:1294,_RNvNtCscvFFwlzzeuW_23playwright_ast_coverage5testss_32skipped_directories_are_detected
FN:1734,_RNvNtCscvFFwlzzeuW_23playwright_ast_coverage5testss_35selector_edges_mark_targets_covered
FN:1470,_RNvNtCscvFFwlzzeuW_23playwright_ast_coverage5testss_37coverage_sort_uses_file_as_tiebreaker
FN:1427,_RNvNtCscvFFwlzzeuW_23playwright_ast_coverage5testss_38build_globset_rejects_invalid_patterns
FN:2057,_RNvNtCscvFFwlzzeuW_23playwright_ast_coverage5testss_40text_printers_cover_routes_and_selectors
FN:1818,_RNvNtCscvFFwlzzeuW_23playwright_ast_coverage5testss_42analyze_discovers_tests_and_builds_reports
FN:1511,_RNvNtCscvFFwlzzeuW_23playwright_ast_coverage5testss_44selector_coverage_sorts_and_counts_uncovered
FN:1329,_RNvNtCscvFFwlzzeuW_23playwright_ast_coverage5testss_45compiled_route_matching_handles_edge_segments
FN:1287,_RNvNtCscvFFwlzzeuW_23playwright_ast_coverage5testss_46ignore_routes_match_exact_and_dynamic_patterns
FN:1315,_RNvNtCscvFFwlzzeuW_23playwright_ast_coverage5testss_47path_helpers_handle_absolute_and_relative_paths
FN:2113,_RNvNtCscvFFwlzzeuW_23playwright_ast_coverage5testss_47related_report_matches_route_and_selector_edges
FN:1597,_RNvNtCscvFFwlzzeuW_23playwright_ast_coverage5testss_52duplicate_selector_report_includes_exact_values_only
FN:1930,_RNvNtCscvFFwlzzeuW_23playwright_ast_coverage5testss_54discover_test_files_walks_shared_project_test_dir_once
FN:1548,_RNvNtCscvFFwlzzeuW_23playwright_ast_coverage5testss_54selector_coverage_sort_uses_value_and_file_tiebreakers
FN:1268,_RNvNtCscvFFwlzzeuW_23playwright_ast_coverage5testss_57normalize_url_handles_relative_absolute_base_and_external
FN:1377,_RNvNtCscvFFwlzzeuW_23playwright_ast_coverage5testss_57selector_index_matches_exact_template_and_fuzzy_selectors
FN:1432,_RNvNtCscvFFwlzzeuW_23playwright_ast_coverage5testss_57walk_files_returns_files_and_skips_configured_directories
FN:1706,_RNvNtCscvFFwlzzeuW_23playwright_ast_coverage5testss_61configured_html_id_selectors_count_as_test_ids_for_uniqueness
FN:1442,_RNvNtCscvFFwlzzeuW_23playwright_ast_coverage5testss_62collect_app_selectors_skips_missing_roots_and_non_source_files
FN:1649,_RNvNtCscvFFwlzzeuW_23playwright_ast_coverage5testss_63duplicate_selector_report_keeps_html_ids_separate_from_test_ids
FN:1354,_RNvNtCscvFFwlzzeuW_23playwright_ast_coverage5testss_63route_specificity_prefers_earlier_static_segments_and_exact_end
FN:1975,_RNvNtCscvFFwlzzeuW_23playwright_ast_coverage5testss_64discover_test_files_applies_yaml_exclude_before_project_matching
FN:1677,_RNvNtCscvFFwlzzeuW_23playwright_ast_coverage5testss_65deprecated_duplicate_selector_report_preserves_aggregate_grouping
FNDA:56,_RNvCsfmhcg5pj9cT_23playwright_ast_coverage10absolutize
FNDA:12,_RNvCsfmhcg5pj9cT_23playwright_ast_coverage10is_ignored
FNDA:912,_RNvCsfmhcg5pj9cT_23playwright_ast_coverage10slash_path
FNDA:95,_RNvCsfmhcg5pj9cT_23playwright_ast_coverage10walk_files
FNDA:48,_RNvCsfmhcg5pj9cT_23playwright_ast_coverage11route_index
FNDA:262,_RNvCsfmhcg5pj9cT_23playwright_ast_coverage13build_globset
FNDA:96,_RNvCsfmhcg5pj9cT_23playwright_ast_coverage13normalize_url
FNDA:48,_RNvCsfmhcg5pj9cT_23playwright_ast_coverage14build_coverage
FNDA:758,_RNvCsfmhcg5pj9cT_23playwright_ast_coverage14is_skipped_dir
FNDA:48,_RNvCsfmhcg5pj9cT_23playwright_ast_coverage14selector_index
FNDA:814,_RNvCsfmhcg5pj9cT_23playwright_ast_coverage15relative_string
FNDA:3,_RNvCsfmhcg5pj9cT_23playwright_ast_coverage16print_edges_text
FNDA:56,_RNvCsfmhcg5pj9cT_23playwright_ast_coverage17analyze_test_file
FNDA:232,_RNvCsfmhcg5pj9cT_23playwright_ast_coverage17route_specificity
FNDA:2,_RNvCsfmhcg5pj9cT_23playwright_ast_coverage18print_related_text
FNDA:3,_RNvCsfmhcg5pj9cT_23playwright_ast_coverage18related_input_file
FNDA:55,_RNvCsfmhcg5pj9cT_23playwright_ast_coverage19analyze_with_policy
FNDA:48,_RNvCsfmhcg5pj9cT_23playwright_ast_coverage19discover_test_files
FNDA:16,_RNvCsfmhcg5pj9cT_23playwright_ast_coverage19print_coverage_text
FNDA:48,_RNvCsfmhcg5pj9cT_23playwright_ast_coverage20app_selector_targets
FNDA:3,_RNvCsfmhcg5pj9cT_23playwright_ast_coverage20build_related_report
FNDA:48,_RNvCsfmhcg5pj9cT_23playwright_ast_coverage21test_project_contexts
FNDA:48,_RNvCsfmhcg5pj9cT_23playwright_ast_coverage23build_project_discovery
FNDA:48,_RNvCsfmhcg5pj9cT_23playwright_ast_coverage25build_duplicate_selectors
FNDA:25,_RNvCsfmhcg5pj9cT_23playwright_ast_coverage25matching_project_contexts
FNDA:78,_RNvCsfmhcg5pj9cT_23playwright_ast_coverage26is_dynamic_pattern_segment
FNDA:45,_RNvCsfmhcg5pj9cT_23playwright_ast_coverage29collect_selector_source_files
FNDA:55,_RNvCsfmhcg5pj9cT_23playwright_ast_coverage31has_configured_html_id_selector
FNDA:45,_RNvCsfmhcg5pj9cT_23playwright_ast_coverage32collect_app_selector_occurrences
FNDA:56,_RNvCsfmhcg5pj9cT_23playwright_ast_coverage3run
FNDA:52,_RNvMCsfmhcg5pj9cT_23playwright_ast_coverageNtB2_18TestProjectContext12from_project
FNDA:93,_RNvMs0_Csfmhcg5pj9cT_23playwright_ast_coverageNtB5_10RouteIndex10candidates
FNDA:42,_RNvMs1_Csfmhcg5pj9cT_23playwright_ast_coverageNtB5_13SelectorIndex7matches
FNDA:3,_RNvMs2_Csfmhcg5pj9cT_23playwright_ast_coverageNtB5_20DuplicateSelectorKey5value
FNDA:56,_RNvMs_Csfmhcg5pj9cT_23playwright_ast_coverageNtB4_18DiscoveredTestFile18test_id_attributes
FNDA:56,_RNvMs_Csfmhcg5pj9cT_23playwright_ast_coverageNtB4_18DiscoveredTestFile9base_urls
FNDA:3,_RNCNCNvCsfmhcg5pj9cT_23playwright_ast_coverage14build_coverages0_00B5_
FNDA:21,_RNCNCNvCsfmhcg5pj9cT_23playwright_ast_coverage14build_coverages1_00B5_
FNDA:6,_RNCNCNvCsfmhcg5pj9cT_23playwright_ast_coverage14build_coverages1_0s_0B5_
FNDA:5,_RNCNCNvCsfmhcg5pj9cT_23playwright_ast_coverage25build_duplicate_selectors00B5_
FNDA:1,_RNCNCNvCsfmhcg5pj9cT_23playwright_ast_coverage25build_duplicate_selectors0s_0B5_
FNDA:1,_RNCNvCsfmhcg5pj9cT_23playwright_ast_coverage10is_ignored0B3_
FNDA:758,_RNCNvCsfmhcg5pj9cT_23playwright_ast_coverage10walk_files0B3_
FNDA:755,_RNCNvCsfmhcg5pj9cT_23playwright_ast_coverage10walk_filess0_0B3_
FNDA:304,_RNCNvCsfmhcg5pj9cT_23playwright_ast_coverage10walk_filess1_0B3_
FNDA:755,_RNCNvCsfmhcg5pj9cT_23playwright_ast_coverage10walk_filess_0B3_
FNDA:87,_RNCNvCsfmhcg5pj9cT_23playwright_ast_coverage14build_coverage0B3_
FNDA:54,_RNCNvCsfmhcg5pj9cT_23playwright_ast_coverage14build_coverages0_0B3_
FNDA:29,_RNCNvCsfmhcg5pj9cT_23playwright_ast_coverage14build_coverages1_0B3_
FNDA:45,_RNCNvCsfmhcg5pj9cT_23playwright_ast_coverage14build_coverages_0B3_
FNDA:758,_RNCNvCsfmhcg5pj9cT_23playwright_ast_coverage14is_skipped_dir0B3_
FNDA:758,_RNCNvCsfmhcg5pj9cT_23playwright_ast_coverage14is_skipped_dirs_0B3_
FNDA:56,_RNCNvCsfmhcg5pj9cT_23playwright_ast_coverage17analyze_test_file0B3_
FNDA:116,_RNCNvCsfmhcg5pj9cT_23playwright_ast_coverage17analyze_test_files0_0B3_
FNDA:116,_RNCNvCsfmhcg5pj9cT_23playwright_ast_coverage17analyze_test_files1_0B3_
FNDA:179,_RNCNvCsfmhcg5pj9cT_23playwright_ast_coverage17analyze_test_files_0B3_
FNDA:354,_RNCNvCsfmhcg5pj9cT_23playwright_ast_coverage17route_specificity0B3_
FNDA:61,_RNCNvCsfmhcg5pj9cT_23playwright_ast_coverage19analyze_with_policy0B3_
FNDA:66,_RNCNvCsfmhcg5pj9cT_23playwright_ast_coverage19analyze_with_policys0_0B3_
FNDA:56,_RNCNvCsfmhcg5pj9cT_23playwright_ast_coverage19analyze_with_policys_0B3_
FNDA:118,_RNCNvCsfmhcg5pj9cT_23playwright_ast_coverage19discover_test_files0B3_
FNDA:31,_RNCNvCsfmhcg5pj9cT_23playwright_ast_coverage19discover_test_filess_0B3_
FNDA:3,_RNCNvCsfmhcg5pj9cT_23playwright_ast_coverage19print_coverage_text0B3_
FNDA:4,_RNCNvCsfmhcg5pj9cT_23playwright_ast_coverage19print_coverage_texts_0B3_
FNDA:58,_RNCNvCsfmhcg5pj9cT_23playwright_ast_coverage20app_selector_targets0B3_
FNDA:3,_RNCNvCsfmhcg5pj9cT_23playwright_ast_coverage20build_related_report0B3_
FNDA:52,_RNCNvCsfmhcg5pj9cT_23playwright_ast_coverage21test_project_contexts0B3_
FNDA:5,_RNCNvCsfmhcg5pj9cT_23playwright_ast_coverage25build_duplicate_selectors0B3_
FNDA:87,_RNCNvCsfmhcg5pj9cT_23playwright_ast_coverage31has_configured_html_id_selector0B3_
FNDA:1,_RNCNvCsfmhcg5pj9cT_23playwright_ast_coverage31has_configured_html_id_selectors_0B3_
FNDA:111,_RNCNvCsfmhcg5pj9cT_23playwright_ast_coverage32collect_app_selector_occurrences0B3_
FNDA:177,_RNCNvCsfmhcg5pj9cT_23playwright_ast_coverage32collect_app_selector_occurrencess_0B3_
FNDA:58,_RNCNvMs_Csfmhcg5pj9cT_23playwright_ast_coverageNtB6_18DiscoveredTestFile18test_id_attributes0B6_
FNDA:58,_RNCNvMs_Csfmhcg5pj9cT_23playwright_ast_coverageNtB6_18DiscoveredTestFile9base_urls0B6_
FNDA:9,_RNvCscvFFwlzzeuW_23playwright_ast_coverage10absolutize
FNDA:15,_RNvCscvFFwlzzeuW_23playwright_ast_coverage10is_ignored
FNDA:122,_RNvCscvFFwlzzeuW_23playwright_ast_coverage10slash_path
FNDA:18,_RNvCscvFFwlzzeuW_23playwright_ast_coverage10walk_files
FNDA:7,_RNvCscvFFwlzzeuW_23playwright_ast_coverage11route_index
FNDA:47,_RNvCscvFFwlzzeuW_23playwright_ast_coverage13build_globset
FNDA:11,_RNvCscvFFwlzzeuW_23playwright_ast_coverage13normalize_url
FNDA:11,_RNvCscvFFwlzzeuW_23playwright_ast_coverage14build_coverage
FNDA:110,_RNvCscvFFwlzzeuW_23playwright_ast_coverage14is_skipped_dir
FNDA:8,_RNvCscvFFwlzzeuW_23playwright_ast_coverage14selector_index
FNDA:105,_RNvCscvFFwlzzeuW_23playwright_ast_coverage15relative_string
FNDA:3,_RNvCscvFFwlzzeuW_23playwright_ast_coverage16print_edges_text
FNDA:3,_RNvCscvFFwlzzeuW_23playwright_ast_coverage17analyze_test_file
FNDA:8,_RNvCscvFFwlzzeuW_23playwright_ast_coverage17route_specificity
FNDA:3,_RNvCscvFFwlzzeuW_23playwright_ast_coverage18print_related_text
FNDA:4,_RNvCscvFFwlzzeuW_23playwright_ast_coverage18related_input_file
FNDA:9,_RNvCscvFFwlzzeuW_23playwright_ast_coverage19analyze_with_policy
FNDA:9,_RNvCscvFFwlzzeuW_23playwright_ast_coverage19discover_test_files
FNDA:3,_RNvCscvFFwlzzeuW_23playwright_ast_coverage19print_coverage_text
FNDA:8,_RNvCscvFFwlzzeuW_23playwright_ast_coverage20app_selector_targets
FNDA:3,_RNvCscvFFwlzzeuW_23playwright_ast_coverage20build_related_report
FNDA:2,_RNvCscvFFwlzzeuW_23playwright_ast_coverage21collect_app_selectors
FNDA:9,_RNvCscvFFwlzzeuW_23playwright_ast_coverage21test_project_contexts
FNDA:9,_RNvCscvFFwlzzeuW_23playwright_ast_coverage23build_project_discovery
FNDA:15,_RNvCscvFFwlzzeuW_23playwright_ast_coverage25build_duplicate_selectors
FNDA:1,_RNvCscvFFwlzzeuW_23playwright_ast_coverage25matching_project_contexts
FNDA:16,_RNvCscvFFwlzzeuW_23playwright_ast_coverage26is_dynamic_pattern_segment
FNDA:8,_RNvCscvFFwlzzeuW_23playwright_ast_coverage29collect_selector_source_files
FNDA:9,_RNvCscvFFwlzzeuW_23playwright_ast_coverage31has_configured_html_id_selector
FNDA:8,_RNvCscvFFwlzzeuW_23playwright_ast_coverage32collect_app_selector_occurrences
FNDA:7,_RNvCscvFFwlzzeuW_23playwright_ast_coverage3run
FNDA:2,_RNvCscvFFwlzzeuW_23playwright_ast_coverage7analyze
FNDA:10,_RNvMCscvFFwlzzeuW_23playwright_ast_coverageNtB2_18TestProjectContext12from_project
FNDA:2,_RNvMs0_CscvFFwlzzeuW_23playwright_ast_coverageNtB5_10RouteIndex10candidates
FNDA:4,_RNvMs1_CscvFFwlzzeuW_23playwright_ast_coverageNtB5_13SelectorIndex7matches
FNDA:3,_RNvMs2_CscvFFwlzzeuW_23playwright_ast_coverageNtB5_20DuplicateSelectorKey5value
FNDA:3,_RNvMs_CscvFFwlzzeuW_23playwright_ast_coverageNtB4_18DiscoveredTestFile18test_id_attributes
FNDA:3,_RNvMs_CscvFFwlzzeuW_23playwright_ast_coverageNtB4_18DiscoveredTestFile9base_urls
FNDA:2,_RNCNvNtCscvFFwlzzeuW_23playwright_ast_coverage5testss_57walk_files_returns_files_and_skips_configured_directories0B5_
FNDA:1,_RNCNCNvCscvFFwlzzeuW_23playwright_ast_coverage14build_coverages0_00B5_
FNDA:2,_RNCNCNvCscvFFwlzzeuW_23playwright_ast_coverage14build_coverages1_00B5_
FNDA:1,_RNCNCNvCscvFFwlzzeuW_23playwright_ast_coverage14build_coverages1_0s_0B5_
FNDA:7,_RNCNCNvCscvFFwlzzeuW_23playwright_ast_coverage25build_duplicate_selectors00B5_
FNDA:2,_RNCNCNvCscvFFwlzzeuW_23playwright_ast_coverage25build_duplicate_selectors0s_0B5_
FNDA:3,_RNCNvCscvFFwlzzeuW_23playwright_ast_coverage10is_ignored0B3_
FNDA:108,_RNCNvCscvFFwlzzeuW_23playwright_ast_coverage10walk_files0B3_
FNDA:106,_RNCNvCscvFFwlzzeuW_23playwright_ast_coverage10walk_filess0_0B3_
FNDA:36,_RNCNvCscvFFwlzzeuW_23playwright_ast_coverage10walk_filess1_0B3_
FNDA:106,_RNCNvCscvFFwlzzeuW_23playwright_ast_coverage10walk_filess_0B3_
FNDA:3,_RNCNvCscvFFwlzzeuW_23playwright_ast_coverage14build_coverage0B3_
FNDA:7,_RNCNvCscvFFwlzzeuW_23playwright_ast_coverage14build_coverages0_0B3_
FNDA:2,_RNCNvCscvFFwlzzeuW_23playwright_ast_coverage14build_coverages1_0B3_
FNDA:1,_RNCNvCscvFFwlzzeuW_23playwright_ast_coverage14build_coverages_0B3_
FNDA:110,_RNCNvCscvFFwlzzeuW_23playwright_ast_coverage14is_skipped_dir0B3_
FNDA:110,_RNCNvCscvFFwlzzeuW_23playwright_ast_coverage14is_skipped_dirs_0B3_
FNDA:2,_RNCNvCscvFFwlzzeuW_23playwright_ast_coverage17analyze_test_file0B3_
FNDA:2,_RNCNvCscvFFwlzzeuW_23playwright_ast_coverage17analyze_test_files0_0B3_
FNDA:2,_RNCNvCscvFFwlzzeuW_23playwright_ast_coverage17analyze_test_files1_0B3_
FNDA:2,_RNCNvCscvFFwlzzeuW_23playwright_ast_coverage17analyze_test_files_0B3_
FNDA:13,_RNCNvCscvFFwlzzeuW_23playwright_ast_coverage17route_specificity0B3_
FNDA:0,_RNCNvCscvFFwlzzeuW_23playwright_ast_coverage19analyze_with_policy0B3_
FNDA:8,_RNCNvCscvFFwlzzeuW_23playwright_ast_coverage19analyze_with_policys0_0B3_
FNDA:3,_RNCNvCscvFFwlzzeuW_23playwright_ast_coverage19analyze_with_policys_0B3_
FNDA:2,_RNCNvCscvFFwlzzeuW_23playwright_ast_coverage19discover_test_files0B3_
FNDA:3,_RNCNvCscvFFwlzzeuW_23playwright_ast_coverage19discover_test_filess_0B3_
FNDA:5,_RNCNvCscvFFwlzzeuW_23playwright_ast_coverage19print_coverage_text0B3_
FNDA:1,_RNCNvCscvFFwlzzeuW_23playwright_ast_coverage19print_coverage_texts_0B3_
FNDA:3,_RNCNvCscvFFwlzzeuW_23playwright_ast_coverage20app_selector_targets0B3_
FNDA:4,_RNCNvCscvFFwlzzeuW_23playwright_ast_coverage20build_related_report0B3_
FNDA:10,_RNCNvCscvFFwlzzeuW_23playwright_ast_coverage21test_project_contexts0B3_
FNDA:7,_RNCNvCscvFFwlzzeuW_23playwright_ast_coverage25build_duplicate_selectors0B3_
FNDA:15,_RNCNvCscvFFwlzzeuW_23playwright_ast_coverage31has_configured_html_id_selector0B3_
FNDA:0,_RNCNvCscvFFwlzzeuW_23playwright_ast_coverage31has_configured_html_id_selectors_0B3_
FNDA:14,_RNCNvCscvFFwlzzeuW_23playwright_ast_coverage32collect_app_selector_occurrences0B3_
FNDA:19,_RNCNvCscvFFwlzzeuW_23playwright_ast_coverage32collect_app_selector_occurrencess_0B3_
FNDA:3,_RNCNvMs_CscvFFwlzzeuW_23playwright_ast_coverageNtB6_18DiscoveredTestFile18test_id_attributes0B6_
FNDA:3,_RNCNvMs_CscvFFwlzzeuW_23playwright_ast_coverageNtB6_18DiscoveredTestFile9base_urls0B6_
FNDA:1,_RNvNtCscvFFwlzzeuW_23playwright_ast_coverage5testss_26run_errors_on_invalid_root
FNDA:1,_RNvNtCscvFFwlzzeuW_23playwright_ast_coverage5testss_30analyze_surfaces_parser_errors
FNDA:1,_RNvNtCscvFFwlzzeuW_23playwright_ast_coverage5testss_30run_check_success_on_empty_app
FNDA:1,_RNvNtCscvFFwlzzeuW_23playwright_ast_coverage5testss_31route_edges_mark_routes_covered
FNDA:1,_RNvNtCscvFFwlzzeuW_23playwright_ast_coverage5testss_32normalize_url_handles_edge_cases
FNDA:1,_RNvNtCscvFFwlzzeuW_23playwright_ast_coverage5testss_32skipped_directories_are_detected
FNDA:1,_RNvNtCscvFFwlzzeuW_23playwright_ast_coverage5testss_35selector_edges_mark_targets_covered
FNDA:1,_RNvNtCscvFFwlzzeuW_23playwright_ast_coverage5testss_37coverage_sort_uses_file_as_tiebreaker
FNDA:1,_RNvNtCscvFFwlzzeuW_23playwright_ast_coverage5testss_38build_globset_rejects_invalid_patterns
FNDA:1,_RNvNtCscvFFwlzzeuW_23playwright_ast_coverage5testss_40text_printers_cover_routes_and_selectors
FNDA:1,_RNvNtCscvFFwlzzeuW_23playwright_ast_coverage5testss_42analyze_discovers_tests_and_builds_reports
FNDA:1,_RNvNtCscvFFwlzzeuW_23playwright_ast_coverage5testss_44selector_coverage_sorts_and_counts_uncovered
FNDA:1,_RNvNtCscvFFwlzzeuW_23playwright_ast_coverage5testss_45compiled_route_matching_handles_edge_segments
FNDA:1,_RNvNtCscvFFwlzzeuW_23playwright_ast_coverage5testss_46ignore_routes_match_exact_and_dynamic_patterns
FNDA:1,_RNvNtCscvFFwlzzeuW_23playwright_ast_coverage5testss_47path_helpers_handle_absolute_and_relative_paths
FNDA:1,_RNvNtCscvFFwlzzeuW_23playwright_ast_coverage5testss_47related_report_matches_route_and_selector_edges
FNDA:1,_RNvNtCscvFFwlzzeuW_23playwright_ast_coverage5testss_52duplicate_selector_report_includes_exact_values_only
FNDA:1,_RNvNtCscvFFwlzzeuW_23playwright_ast_coverage5testss_54discover_test_files_walks_shared_project_test_dir_once
FNDA:1,_RNvNtCscvFFwlzzeuW_23playwright_ast_coverage5testss_54selector_coverage_sort_uses_value_and_file_tiebreakers
FNDA:1,_RNvNtCscvFFwlzzeuW_23playwright_ast_coverage5testss_57normalize_url_handles_relative_absolute_base_and_external
FNDA:1,_RNvNtCscvFFwlzzeuW_23playwright_ast_coverage5testss_57selector_index_matches_exact_template_and_fuzzy_selectors
FNDA:1,_RNvNtCscvFFwlzzeuW_23playwright_ast_coverage5testss_57walk_files_returns_files_and_skips_configured_directories
FNDA:1,_RNvNtCscvFFwlzzeuW_23playwright_ast_coverage5testss_61configured_html_id_selectors_count_as_test_ids_for_uniqueness
FNDA:1,_RNvNtCscvFFwlzzeuW_23playwright_ast_coverage5testss_62collect_app_selectors_skips_missing_roots_and_non_source_files
FNDA:1,_RNvNtCscvFFwlzzeuW_23playwright_ast_coverage5testss_63duplicate_selector_report_keeps_html_ids_separate_from_test_ids
FNDA:1,_RNvNtCscvFFwlzzeuW_23playwright_ast_coverage5testss_63route_specificity_prefers_earlier_static_segments_and_exact_end
FNDA:1,_RNvNtCscvFFwlzzeuW_23playwright_ast_coverage5testss_64discover_test_files_applies_yaml_exclude_before_project_matching
FNDA:1,_RNvNtCscvFFwlzzeuW_23playwright_ast_coverage5testss_65deprecated_duplicate_selector_report_preserves_aggregate_grouping
FNF:105
FNH:105
DA:238,62
DA:239,62
DA:240,62
DA:241,62
DA:242,62
DA:243,62
DA:247,59
DA:248,59
DA:249,59
DA:250,59
DA:251,61
DA:252,59
DA:253,59
DA:254,59
DA:255,59
DA:256,59
DA:258,59
DA:259,59
DA:260,59
DA:261,59
DA:262,61
DA:263,59
DA:264,59
DA:265,59
DA:266,59
DA:267,59
DA:270,63
DA:271,63
DA:272,63
DA:273,63
DA:274,63
DA:275,63
DA:276,63
DA:277,1
DA:278,62
DA:279,62
DA:280,62
DA:281,62
DA:282,62
DA:283,62
DA:284,62
DA:286,62
DA:287,62
DA:288,59
DA:289,62
DA:292,9
DA:293,53
DA:295,42
DA:296,24
DA:297,18
DA:298,18
DA:299,18
DA:300,42
DA:301,30
DA:302,25
DA:304,20
DA:306,22
DA:310,7
DA:311,3
DA:312,4
DA:313,4
DA:314,4
DA:315,7
DA:317,4
DA:318,4
DA:319,4
DA:320,1
DA:321,3
DA:322,3
DA:323,3
DA:324,4
DA:327,63
DA:330,2
DA:331,2
DA:332,2
DA:333,2
DA:334,2
DA:335,2
DA:337,2
DA:339,64
DA:340,64
DA:341,64
DA:342,64
DA:343,64
DA:344,64
DA:345,64
DA:346,64
DA:347,64
DA:348,64
DA:349,3
DA:351,3
DA:352,3
DA:353,3
DA:354,3
DA:356,61
DA:358,61
DA:359,61
DA:360,61
DA:361,61
DA:362,6
DA:363,55
DA:364,55
DA:365,55
DA:366,55
DA:367,55
DA:369,55
DA:370,55
DA:371,55
DA:372,55
DA:373,55
DA:375,55
DA:376,5
DA:377,4
DA:378,4
DA:380,4
DA:382,51
DA:384,55
DA:385,55
DA:386,61
DA:387,61
DA:388,57
DA:389,56
DA:390,61
DA:391,55
DA:392,55
DA:393,55
DA:394,55
DA:395,55
DA:396,55
DA:397,55
DA:398,55
DA:399,55
DA:400,55
DA:401,55
DA:402,55
DA:403,55
DA:404,55
DA:405,55
DA:406,55
DA:408,55
DA:409,55
DA:410,59
DA:411,59
DA:412,58
DA:413,59
DA:414,74
DA:415,74
DA:416,74
DA:417,74
DA:418,54
DA:419,54
DA:421,54
DA:422,54
DA:423,54
DA:424,54
DA:425,54
DA:426,54
DA:427,54
DA:428,54
DA:429,54
DA:431,54
DA:432,54
DA:433,54
DA:434,54
DA:435,64
DA:437,59
DA:438,59
DA:439,59
DA:440,59
DA:441,59
DA:442,59
DA:443,59
DA:444,59
DA:445,59
DA:447,58
DA:448,59
DA:449,58
DA:450,58
DA:451,58
DA:452,58
DA:454,58
DA:455,24
DA:457,34
DA:458,34
DA:459,34
DA:460,34
DA:461,34
DA:464,58
DA:465,58
DA:467,102
DA:468,102
DA:469,4
DA:470,98
DA:471,98
DA:472,3
DA:474,95
DA:475,95
DA:476,95
DA:477,95
DA:478,95
DA:479,181
DA:480,95
DA:481,95
DA:482,95
DA:483,118
DA:484,95
DA:486,4
DA:488,94
DA:489,91
DA:490,118
DA:491,94
DA:492,94
DA:493,94
DA:494,94
DA:495,94
DA:496,94
DA:497,94
DA:498,94
DA:501,58
DA:502,45
DA:503,45
DA:504,3
DA:505,42
DA:506,45
DA:507,45
DA:508,45
DA:509,45
DA:510,45
DA:511,45
DA:512,45
DA:513,45
DA:514,45
DA:516,24
DA:518,58
DA:519,59
DA:521,55
DA:522,55
DA:523,115
DA:524,115
DA:525,115
DA:526,115
DA:527,115
DA:528,115
DA:529,115
DA:530,115
DA:531,115
DA:532,115
DA:533,25
DA:534,90
DA:535,87
DA:536,87
DA:537,87
DA:538,87
DA:539,87
DA:542,55
DA:543,55
DA:545,56
DA:546,56
DA:547,56
DA:548,56
DA:549,56
DA:550,56
DA:551,56
DA:552,61
DA:553,61
DA:554,61
DA:555,61
DA:556,56
DA:557,56
DA:559,56
DA:560,56
DA:561,61
DA:562,61
DA:563,5
DA:564,56
DA:565,56
DA:566,56
DA:567,56
DA:568,56
DA:569,56
DA:570,56
DA:571,53
DA:572,53
DA:573,53
DA:574,53
DA:575,53
DA:576,53
DA:577,53
DA:578,53
DA:579,53
DA:580,56
DA:582,3
DA:583,3
DA:584,3
DA:585,3
DA:586,3
DA:587,3
DA:588,53
DA:590,56
DA:591,56
DA:594,95
DA:595,95
DA:596,23
DA:597,72
DA:599,72
DA:600,72
DA:601,69
DA:602,69
DA:603,72
DA:604,95
DA:608,46
DA:609,46
DA:610,46
DA:611,46
DA:612,46
DA:613,46
DA:614,41
DA:615,38
DA:616,36
DA:617,36
DA:618,3
DA:619,41
DA:620,41
DA:621,41
DA:623,38
DA:625,3
DA:626,3
DA:627,2
DA:628,2
DA:630,3
DA:631,5
DA:633,5
DA:634,6
DA:635,6
DA:636,3
DA:637,3
DA:639,1
DA:640,5
DA:641,46
DA:644,240
DA:645,240
DA:646,240
DA:647,367
DA:648,367
DA:649,5
DA:650,362
DA:651,4
DA:652,358
DA:653,152
DA:655,206
DA:657,367
DA:658,240
DA:659,240
DA:660,240
DA:661,240
DA:664,2
DA:665,2
DA:666,2
DA:667,2
DA:668,2
DA:669,2
DA:670,1
DA:671,1
DA:673,1
DA:674,2
DA:676,53
DA:677,53
DA:678,53
DA:679,53
DA:680,53
DA:681,53
DA:682,53
DA:683,53
DA:684,53
DA:685,53
DA:686,53
DA:687,53
DA:688,125
DA:689,125
DA:690,125
DA:691,125
DA:692,125
DA:693,125
DA:694,1
DA:695,124
DA:696,125
DA:697,196
DA:698,196
DA:699,196
DA:700,196
DA:701,52
DA:702,53
DA:704,53
DA:705,53
DA:706,53
DA:707,53
DA:708,53
DA:709,53
DA:710,53
DA:711,53
DA:712,54
DA:713,54
DA:714,54
DA:715,1
DA:716,53
DA:718,127
DA:719,127
DA:720,1
DA:721,126
DA:722,126
DA:723,126
DA:724,1
DA:725,125
DA:727,125
DA:731,53
DA:732,53
DA:734,57
DA:735,57
DA:736,57
DA:737,57
DA:738,57
DA:739,57
DA:740,57
DA:741,57
DA:742,21
DA:743,21
DA:744,21
DA:745,120
DA:746,120
DA:747,120
DA:748,120
DA:749,26
DA:750,26
DA:751,2
DA:752,24
DA:753,26
DA:755,21
DA:756,36
DA:758,36
DA:759,36
DA:760,36
DA:762,40
DA:763,40
DA:764,1
DA:765,39
DA:766,39
DA:767,39
DA:768,39
DA:769,39
DA:772,38
DA:773,91
DA:774,91
DA:775,91
DA:776,1
DA:777,90
DA:778,90
DA:779,90
DA:780,90
DA:781,91
DA:782,91
DA:783,56
DA:784,56
DA:785,91
DA:786,91
DA:787,91
DA:788,91
DA:789,35
DA:790,56
DA:792,90
DA:793,34
DA:794,56
DA:798,36
DA:799,36
DA:800,36
DA:801,34
DA:802,34
DA:803,34
DA:804,36
DA:805,57
DA:807,57
DA:808,57
DA:809,57
DA:810,57
DA:811,57
DA:812,62
DA:813,62
DA:814,62
DA:815,62
DA:816,62
DA:817,62
DA:820,57
DA:821,57
DA:823,57
DA:824,57
DA:825,57
DA:826,62
DA:827,57
DA:828,57
DA:829,57
DA:830,57
DA:831,57
DA:833,26
DA:834,26
DA:835,26
DA:836,26
DA:837,26
DA:838,26
DA:839,26
DA:840,29
DA:841,29
DA:842,4
DA:843,25
DA:845,25
DA:846,25
DA:847,25
DA:848,1
DA:849,1
DA:850,25
DA:851,25
DA:852,25
DA:853,25
DA:854,24
DA:855,24
DA:857,26
DA:858,26
DA:860,59
DA:861,59
DA:862,59
DA:863,59
DA:864,59
DA:865,59
DA:866,59
DA:867,59
DA:868,59
DA:869,59
DA:870,59
DA:871,59
DA:873,141
DA:874,141
DA:876,95
DA:877,95
DA:878,95
DA:881,95
DA:882,95
DA:883,95
DA:884,95
DA:885,95
DA:888,46
DA:889,46
DA:890,46
DA:891,46
DA:892,46
DA:894,46
DA:895,46
DA:896,46
DA:897,46
DA:898,46
DA:903,59
DA:904,117
DA:905,117
DA:906,117
DA:907,117
DA:908,117
DA:909,117
DA:910,117
DA:911,117
DA:912,117
DA:913,117
DA:914,117
DA:915,117
DA:916,117
DA:919,61
DA:920,59
DA:921,63
DA:922,63
DA:923,63
DA:924,63
DA:925,63
DA:926,63
DA:927,63
DA:928,63
DA:929,63
DA:930,63
DA:931,63
DA:932,63
DA:933,63
DA:934,63
DA:935,63
DA:936,63
DA:937,63
DA:938,63
DA:939,63
DA:940,63
DA:941,63
DA:942,63
DA:943,59
DA:944,31
DA:945,31
DA:946,31
DA:947,31
DA:948,31
DA:950,59
DA:951,59
DA:952,59
DA:953,59
DA:954,59
DA:955,59
DA:956,59
DA:957,59
DA:958,59
DA:959,59
DA:960,59
DA:961,59
DA:963,59
DA:964,59
DA:965,59
DA:966,59
DA:967,59
DA:968,59
DA:969,59
DA:970,59
DA:971,59
DA:972,59
DA:973,59
DA:974,59
DA:975,59
DA:976,59
DA:977,59
DA:979,63
DA:980,63
DA:981,63
DA:982,63
DA:983,63
DA:984,63
DA:985,63
DA:986,78
DA:987,78
DA:988,70
DA:989,5
DA:990,5
DA:991,5
DA:992,5
DA:993,65
DA:994,11
DA:995,6
DA:996,6
DA:997,6
DA:998,6
DA:999,6
DA:1000,54
DA:1001,10
DA:1002,10
DA:1003,10
DA:1004,10
DA:1005,44
DA:1006,8
DA:1009,63
DA:1010,63
DA:1011,11
DA:1012,5
DA:1013,6
DA:1014,6
DA:1015,16
DA:1016,16
DA:1017,16
DA:1018,16
DA:1019,16
DA:1020,16
DA:1021,16
DA:1023,63
DA:1024,12
DA:1025,12
DA:1026,12
DA:1027,12
DA:1028,12
DA:1029,63
DA:1030,63
DA:1040,6
DA:1041,6
DA:1042,6
DA:1044,6
DA:1047,64
DA:1048,64
DA:1049,64
DA:1050,64
DA:1051,102
DA:1052,63
DA:1053,63
DA:1054,63
DA:1055,63
DA:1056,64
DA:1058,19
DA:1059,19
DA:1060,19
DA:1061,19
DA:1062,19
DA:1063,19
DA:1064,19
DA:1068,19
DA:1073,19
DA:1074,14
DA:1075,11
DA:1077,8
DA:1078,8
DA:1079,8
DA:1080,11
DA:1082,11
DA:1083,5
DA:1084,5
DA:1085,8
DA:1086,7
DA:1087,7
DA:1088,6
DA:1090,11
DA:1091,4
DA:1092,4
DA:1093,5
DA:1094,4
DA:1095,4
DA:1096,4
DA:1097,4
DA:1098,4
DA:1099,7
DA:1101,11
DA:1102,4
DA:1103,4
DA:1104,9
DA:1105,9
DA:1106,9
DA:1107,9
DA:1108,9
DA:1109,9
DA:1110,7
DA:1111,19
DA:1113,6
DA:1114,9
DA:1115,9
DA:1117,6
DA:1118,6
DA:1119,6
DA:1120,6
DA:1121,6
DA:1123,3
DA:1124,3
DA:1125,3
DA:1126,3
DA:1127,3
DA:1128,3
DA:1131,6
DA:1133,6
DA:1134,6
DA:1135,6
DA:1136,7
DA:1137,6
DA:1138,6
DA:1140,14
DA:1141,8
DA:1143,8
DA:1144,8
DA:1146,8
DA:1147,4
DA:1148,4
DA:1150,6
DA:1151,6
DA:1153,6
DA:1154,4
DA:1155,4
DA:1156,6
DA:1160,6
DA:1161,6
DA:1162,6
DA:1163,6
DA:1165,7
DA:1166,7
DA:1167,1
DA:1168,6
DA:1170,6
DA:1171,6
DA:1172,7
DA:1174,5
DA:1175,5
DA:1176,4
DA:1177,4
DA:1178,5
DA:1180,107
DA:1181,107
DA:1182,2
DA:1183,105
DA:1185,105
DA:1186,92
DA:1187,13
DA:1189,13
DA:1190,12
DA:1191,12
DA:1192,9
DA:1193,3
DA:1194,6
DA:1195,6
DA:1196,5
DA:1197,1
DA:1198,3
DA:1201,5
DA:1202,107
DA:1204,94
DA:1205,94
DA:1206,94
DA:1208,27
DA:1209,27
DA:1210,27
DA:1211,27
DA:1212,27
DA:1214,309
DA:1215,309
DA:1216,867
DA:1217,867
DA:1218,866
DA:1220,308
DA:1221,309
DA:1223,113
DA:1224,113
DA:1225,113
DA:1226,866
DA:1227,861
DA:1228,861
DA:1229,340
DA:1230,113
DA:1231,113
DA:1232,113
DA:1233,113
DA:1235,868
DA:1236,868
DA:1237,868
DA:1238,868
DA:1239,6
DA:1240,868
DA:1241,868
DA:1243,868
DA:1244,868
DA:1246,919
DA:1247,919
DA:1248,919
DA:1250,1034
DA:1251,1034
DA:1252,1034
DA:1254,65
DA:1255,65
DA:1256,63
DA:1258,2
DA:1260,65
DA:1268,1
DA:1269,1
DA:1270,1
DA:1271,1
DA:1272,1
DA:1274,1
DA:1275,1
DA:1276,1
DA:1278,1
DA:1279,1
DA:1280,1
DA:1282,1
DA:1283,1
DA:1284,1
DA:1287,1
DA:1288,1
DA:1289,1
DA:1290,1
DA:1291,1
DA:1294,1
DA:1295,1
DA:1296,1
DA:1297,1
DA:1300,1
DA:1301,1
DA:1302,1
DA:1303,1
DA:1304,1
DA:1305,1
DA:1307,1
DA:1308,1
DA:1309,1
DA:1311,1
DA:1312,1
DA:1315,1
DA:1316,1
DA:1317,1
DA:1318,1
DA:1319,1
DA:1321,1
DA:1322,1
DA:1323,1
DA:1326,1
DA:1329,1
DA:1330,1
DA:1331,1
DA:1332,1
DA:1333,1
DA:1335,1
DA:1336,1
DA:1337,1
DA:1339,1
DA:1340,1
DA:1341,1
DA:1343,1
DA:1344,1
DA:1345,1
DA:1347,1
DA:1348,1
DA:1349,1
DA:1350,1
DA:1351,1
DA:1354,1
DA:1355,1
DA:1356,1
DA:1357,1
DA:1358,1
DA:1359,1
DA:1360,1
DA:1361,1
DA:1362,1
DA:1363,1
DA:1364,1
DA:1365,1
DA:1366,1
DA:1367,1
DA:1368,1
DA:1369,1
DA:1370,1
DA:1372,1
DA:1373,1
DA:1374,1
DA:1377,1
DA:1378,1
DA:1379,1
DA:1380,1
DA:1381,1
DA:1382,1
DA:1383,1
DA:1384,1
DA:1385,1
DA:1386,1
DA:1387,1
DA:1388,1
DA:1389,1
DA:1390,1
DA:1391,1
DA:1393,1
DA:1394,1
DA:1395,1
DA:1397,1
DA:1398,1
DA:1399,1
DA:1400,1
DA:1402,1
DA:1404,1
DA:1405,1
DA:1406,1
DA:1407,1
DA:1409,1
DA:1411,1
DA:1412,1
DA:1413,1
DA:1414,1
DA:1416,1
DA:1418,1
DA:1419,1
DA:1420,1
DA:1421,1
DA:1423,1
DA:1424,1
DA:1427,1
DA:1428,1
DA:1429,1
DA:1432,1
DA:1433,1
DA:1434,1
DA:1435,1
DA:1436,2
DA:1437,1
DA:1438,1
DA:1439,1
DA:1442,1
DA:1443,1
DA:1444,1
DA:1445,1
DA:1446,1
DA:1447,1
DA:1448,1
DA:1449,1
DA:1450,1
DA:1451,1
DA:1452,1
DA:1453,1
DA:1454,1
DA:1455,1
DA:1456,1
DA:1457,1
DA:1458,1
DA:1460,1
DA:1461,1
DA:1462,1
DA:1464,1
DA:1465,1
DA:1466,1
DA:1467,1
DA:1470,1
DA:1471,1
DA:1472,1
DA:1473,1
DA:1474,1
DA:1475,1
DA:1476,1
DA:1477,1
DA:1478,1
DA:1479,1
DA:1480,1
DA:1482,1
DA:1483,1
DA:1484,1
DA:1485,1
DA:1486,1
DA:1487,1
DA:1488,1
DA:1489,1
DA:1490,1
DA:1491,1
DA:1492,1
DA:1493,1
DA:1494,1
DA:1495,1
DA:1496,1
DA:1497,1
DA:1498,1
DA:1499,1
DA:1500,1
DA:1501,1
DA:1502,1
DA:1503,1
DA:1504,1
DA:1506,1
DA:1507,1
DA:1508,1
DA:1511,1
DA:1512,1
DA:1513,1
DA:1514,1
DA:1515,1
DA:1516,1
DA:1517,1
DA:1518,1
DA:1519,1
DA:1520,1
DA:1521,1
DA:1522,1
DA:1523,1
DA:1524,1
DA:1525,1
DA:1526,1
DA:1527,1
DA:1528,1
DA:1529,1
DA:1530,1
DA:1531,1
DA:1532,1
DA:1533,1
DA:1534,1
DA:1535,1
DA:1536,1
DA:1537,1
DA:1538,1
DA:1539,1
DA:1540,1
DA:1542,1
DA:1543,1
DA:1544,1
DA:1545,1
DA:1548,1
DA:1549,1
DA:1550,1
DA:1551,1
DA:1552,1
DA:1553,1
DA:1554,1
DA:1555,1
DA:1556,1
DA:1557,1
DA:1558,1
DA:1559,1
DA:1560,1
DA:1561,1
DA:1562,1
DA:1563,1
DA:1564,1
DA:1565,1
DA:1567,1
DA:1568,1
DA:1569,1
DA:1570,1
DA:1571,1
DA:1572,1
DA:1573,1
DA:1574,1
DA:1575,1
DA:1576,1
DA:1577,1
DA:1578,1
DA:1579,1
DA:1580,1
DA:1581,1
DA:1582,1
DA:1583,1
DA:1584,1
DA:1585,1
DA:1586,1
DA:1587,1
DA:1588,1
DA:1589,1
DA:1591,1
DA:1592,1
DA:1593,1
DA:1594,1
DA:1597,1
DA:1598,1
DA:1599,1
DA:1600,1
DA:1601,1
DA:1602,1
DA:1603,1
DA:1604,1
DA:1605,1
DA:1606,1
DA:1607,1
DA:1608,1
DA:1609,1
DA:1610,1
DA:1611,1
DA:1612,1
DA:1613,1
DA:1614,1
DA:1615,1
DA:1616,1
DA:1617,1
DA:1618,1
DA:1619,1
DA:1620,1
DA:1621,1
DA:1622,1
DA:1623,1
DA:1624,1
DA:1625,1
DA:1626,1
DA:1627,1
DA:1628,1
DA:1629,1
DA:1632,1
DA:1633,1
DA:1634,1
DA:1635,1
DA:1636,1
DA:1637,1
DA:1638,1
DA:1639,1
DA:1641,1
DA:1642,1
DA:1643,1
DA:1644,1
DA:1645,1
DA:1646,1
DA:1649,1
DA:1650,1
DA:1651,1
DA:1652,1
DA:1653,1
DA:1654,1
DA:1655,1
DA:1656,1
DA:1657,1
DA:1658,1
DA:1659,1
DA:1660,1
DA:1661,1
DA:1664,1
DA:1665,1
DA:1666,1
DA:1667,1
DA:1668,1
DA:1669,1
DA:1670,1
DA:1671,1
DA:1673,1
DA:1674,1
DA:1677,1
DA:1678,1
DA:1679,1
DA:1680,1
DA:1681,1
DA:1682,1
DA:1683,1
DA:1684,1
DA:1685,1
DA:1686,1
DA:1687,1
DA:1688,1
DA:1689,1
DA:1692,1
DA:1693,1
DA:1694,1
DA:1695,1
DA:1696,1
DA:1697,1
DA:1698,1
DA:1699,1
DA:1700,1
DA:1702,1
DA:1703,1
DA:1706,1
DA:1707,1
DA:1708,1
DA:1709,1
DA:1710,1
DA:1711,1
DA:1712,1
DA:1713,1
DA:1714,1
DA:1715,1
DA:1716,1
DA:1717,1
DA:1718,1
DA:1721,1
DA:1722,1
DA:1723,1
DA:1724,1
DA:1725,1
DA:1726,1
DA:1727,1
DA:1728,1
DA:1730,1
DA:1731,1
DA:1734,1
DA:1735,1
DA:1736,1
DA:1737,1
DA:1738,1
DA:1739,1
DA:1740,1
DA:1741,1
DA:1742,1
DA:1743,1
DA:1744,1
DA:1745,1
DA:1746,1
DA:1747,1
DA:1748,1
DA:1749,1
DA:1750,1
DA:1751,1
DA:1752,1
DA:1753,1
DA:1754,1
DA:1755,1
DA:1756,1
DA:1757,1
DA:1758,1
DA:1759,1
DA:1760,1
DA:1761,1
DA:1762,1
DA:1763,1
DA:1764,1
DA:1765,1
DA:1766,1
DA:1767,1
DA:1768,1
DA:1769,1
DA:1770,1
DA:1772,1
DA:1773,1
DA:1774,1
DA:1777,1
DA:1778,1
DA:1779,1
DA:1780,1
DA:1781,1
DA:1782,1
DA:1783,1
DA:1784,1
DA:1785,1
DA:1786,1
DA:1787,1
DA:1788,1
DA:1789,1
DA:1790,1
DA:1791,1
DA:1792,1
DA:1793,1
DA:1794,1
DA:1795,1
DA:1796,1
DA:1797,1
DA:1798,1
DA:1799,1
DA:1800,1
DA:1801,1
DA:1802,1
DA:1803,1
DA:1804,1
DA:1805,1
DA:1806,1
DA:1807,1
DA:1808,1
DA:1809,1
DA:1810,1
DA:1811,1
DA:1813,1
DA:1814,1
DA:1815,1
DA:1818,1
DA:1819,1
DA:1820,1
DA:1821,1
DA:1822,1
DA:1823,1
DA:1824,1
DA:1825,1
DA:1826,1
DA:1827,1
DA:1828,1
DA:1829,1
DA:1830,1
DA:1831,1
DA:1832,1
DA:1833,1
DA:1834,1
DA:1835,1
DA:1837,1
DA:1838,1
DA:1839,1
DA:1842,1
DA:1843,1
DA:1844,1
DA:1845,1
DA:1846,1
DA:1847,1
DA:1848,1
DA:1849,1
DA:1850,1
DA:1851,1
DA:1852,1
DA:1853,1
DA:1854,1
DA:1855,1
DA:1856,1
DA:1859,1
DA:1860,1
DA:1861,1
DA:1864,1
DA:1865,1
DA:1866,1
DA:1869,1
DA:1870,1
DA:1871,1
DA:1872,1
DA:1873,1
DA:1876,1
DA:1877,1
DA:1878,1
DA:1879,1
DA:1882,1
DA:1883,1
DA:1884,1
DA:1885,1
DA:1886,1
DA:1888,1
DA:1889,1
DA:1890,1
DA:1893,1
DA:1894,1
DA:1895,1
DA:1896,1
DA:1897,1
DA:1898,1
DA:1899,1
DA:1900,1
DA:1901,1
DA:1902,1
DA:1903,1
DA:1904,1
DA:1905,1
DA:1906,1
DA:1907,1
DA:1908,1
DA:1909,1
DA:1912,1
DA:1913,1
DA:1914,1
DA:1915,1
DA:1916,1
DA:1917,1
DA:1918,1
DA:1919,1
DA:1920,1
DA:1921,1
DA:1922,1
DA:1923,1
DA:1924,1
DA:1925,1
DA:1926,1
DA:1927,1
DA:1930,1
DA:1931,1
DA:1932,1
DA:1933,1
DA:1934,1
DA:1935,1
DA:1936,1
DA:1937,1
DA:1938,1
DA:1939,1
DA:1940,1
DA:1941,1
DA:1942,1
DA:1943,1
DA:1944,1
DA:1945,1
DA:1946,1
DA:1947,1
DA:1948,1
DA:1949,1
DA:1950,1
DA:1951,1
DA:1952,1
DA:1953,1
DA:1954,1
DA:1955,1
DA:1956,1
DA:1957,1
DA:1958,1
DA:1959,1
DA:1960,1
DA:1961,1
DA:1962,1
DA:1963,1
DA:1964,1
DA:1965,1
DA:1966,1
DA:1967,1
DA:1969,1
DA:1970,1
DA:1971,1
DA:1972,1
DA:1975,1
DA:1976,1
DA:1977,1
DA:1978,1
DA:1979,1
DA:1980,1
DA:1981,1
DA:1982,1
DA:1983,1
DA:1984,1
DA:1985,1
DA:1986,1
DA:1987,1
DA:1988,1
DA:1989,1
DA:1990,1
DA:1991,1
DA:1992,1
DA:1993,1
DA:1994,1
DA:1995,1
DA:1996,1
DA:1997,1
DA:1998,1
DA:1999,1
DA:2000,1
DA:2001,1
DA:2002,1
DA:2004,1
DA:2005,1
DA:2006,1
DA:2009,1
DA:2010,1
DA:2011,1
DA:2012,1
DA:2013,1
DA:2014,1
DA:2015,1
DA:2016,1
DA:2017,1
DA:2018,1
DA:2019,1
DA:2020,1
DA:2021,1
DA:2022,1
DA:2023,1
DA:2024,1
DA:2025,1
DA:2027,1
DA:2028,1
DA:2030,1
DA:2031,1
DA:2032,1
DA:2033,1
DA:2034,1
DA:2035,1
DA:2036,1
DA:2037,1
DA:2038,1
DA:2039,1
DA:2040,1
DA:2041,1
DA:2042,1
DA:2043,1
DA:2044,1
DA:2045,1
DA:2046,1
DA:2047,1
DA:2048,1
DA:2050,1
DA:2051,1
DA:2052,1
DA:2053,1
DA:2054,1
DA:2057,1
DA:2058,1
DA:2059,1
DA:2060,1
DA:2061,1
DA:2062,1
DA:2063,1
DA:2064,1
DA:2065,1
DA:2066,1
DA:2067,1
DA:2068,1
DA:2069,1
DA:2070,1
DA:2071,1
DA:2072,1
DA:2073,1
DA:2074,1
DA:2075,1
DA:2076,1
DA:2077,1
DA:2078,1
DA:2079,1
DA:2080,1
DA:2081,1
DA:2082,1
DA:2083,1
DA:2084,1
DA:2085,1
DA:2086,1
DA:2087,1
DA:2088,1
DA:2089,1
DA:2090,1
DA:2092,1
DA:2093,1
DA:2094,1
DA:2095,1
DA:2096,1
DA:2097,1
DA:2098,1
DA:2099,1
DA:2100,1
DA:2101,1
DA:2102,1
DA:2103,1
DA:2104,1
DA:2105,1
DA:2106,1
DA:2107,1
DA:2108,1
DA:2109,1
DA:2110,1
DA:2113,1
DA:2114,1
DA:2115,1
DA:2116,1
DA:2117,1
DA:2118,1
DA:2119,1
DA:2120,1
DA:2121,1
DA:2122,1
DA:2123,1
DA:2124,1
DA:2125,1
DA:2126,1
DA:2127,1
DA:2128,1
DA:2130,1
DA:2131,1
DA:2132,1
DA:2133,1
DA:2134,1
DA:2135,1
DA:2136,1
DA:2139,1
DA:2141,1
DA:2143,1
DA:2144,1
BRF:0
BRH:0
LF:1644
LH:1639
end_of_record
SF:/Users/jong/playwright-ast-coverage/crates/playwright-ast-coverage/src/main.rs
FN:4,_RNvCsaLILOfgsEcx_23playwright_ast_coverage4main
FN:4,_RNvCsg13CfUokEvI_23playwright_ast_coverage4main
FNDA:57,_RNvCsaLILOfgsEcx_23playwright_ast_coverage4main
FNDA:0,_RNvCsg13CfUokEvI_23playwright_ast_coverage4main
FNF:1
FNH:1
DA:4,57
DA:5,57
DA:6,49
DA:7,8
DA:8,8
DA:9,8
DA:12,57
BRF:0
BRH:0
LF:7
LH:7
end_of_record
SF:/Users/jong/playwright-ast-coverage/crates/playwright-ast-coverage/src/matcher.rs
FN:70,_RNvNtCsfmhcg5pj9cT_23playwright_ast_coverage7matcher15segment_matches
FN:34,_RNvNtCsfmhcg5pj9cT_23playwright_ast_coverage7matcher16pattern_segments
FN:16,_RNvNtCsfmhcg5pj9cT_23playwright_ast_coverage7matcher18reference_segments
FN:10,_RNvNtCsfmhcg5pj9cT_23playwright_ast_coverage7matcher7matches
FN:62,_RNvNtCsfmhcg5pj9cT_23playwright_ast_coverage7matcher8segments
FN:38,_RINvNtCsfmhcg5pj9cT_23playwright_ast_coverage7matcher16matches_segmentsNtNtCs1OjIl8oxbrv_5alloc6string6StringEB4_
FN:38,_RINvNtCsfmhcg5pj9cT_23playwright_ast_coverage7matcher16matches_segmentsReEB4_
FN:43,_RNCINvNtCsfmhcg5pj9cT_23playwright_ast_coverage7matcher16matches_segmentsNtNtCs1OjIl8oxbrv_5alloc6string6StringE0B6_
FN:48,_RNCINvNtCsfmhcg5pj9cT_23playwright_ast_coverage7matcher16matches_segmentsNtNtCs1OjIl8oxbrv_5alloc6string6StringEs_0B6_
FN:43,_RNCINvNtCsfmhcg5pj9cT_23playwright_ast_coverage7matcher16matches_segmentsReE0B6_
FN:48,_RNCINvNtCsfmhcg5pj9cT_23playwright_ast_coverage7matcher16matches_segmentsReEs_0B6_
FN:70,_RNvNtCscvFFwlzzeuW_23playwright_ast_coverage7matcher15segment_matches
FN:34,_RNvNtCscvFFwlzzeuW_23playwright_ast_coverage7matcher16pattern_segments
FN:16,_RNvNtCscvFFwlzzeuW_23playwright_ast_coverage7matcher18reference_segments
FN:10,_RNvNtCscvFFwlzzeuW_23playwright_ast_coverage7matcher7matches
FN:62,_RNvNtCscvFFwlzzeuW_23playwright_ast_coverage7matcher8segments
FN:38,_RINvNtCscvFFwlzzeuW_23playwright_ast_coverage7matcher16matches_segmentsNtNtCs1OjIl8oxbrv_5alloc6string6StringEB4_
FN:38,_RINvNtCscvFFwlzzeuW_23playwright_ast_coverage7matcher16matches_segmentsReEB4_
FN:43,_RNCINvNtCscvFFwlzzeuW_23playwright_ast_coverage7matcher16matches_segmentsNtNtCs1OjIl8oxbrv_5alloc6string6StringE0B6_
FN:48,_RNCINvNtCscvFFwlzzeuW_23playwright_ast_coverage7matcher16matches_segmentsNtNtCs1OjIl8oxbrv_5alloc6string6StringEs_0B6_
FN:43,_RNCINvNtCscvFFwlzzeuW_23playwright_ast_coverage7matcher16matches_segmentsReE0B6_
[...]
FNDA:87,_RNCNvNtCscvFFwlzzeuW_23playwright_ast_coverage9selectors29callee_is_static_member_named0B5_
FNDA:37,_RNCNvNtCscvFFwlzzeuW_23playwright_ast_coverage9selectors29is_component_jsx_element_name0B5_
FNDA:7,_RNCNvNtCscvFFwlzzeuW_23playwright_ast_coverage9selectors29is_component_jsx_element_names_0B5_
FNDA:21,_RNCNvNtCscvFFwlzzeuW_23playwright_ast_coverage9selectors34extract_app_selectors_with_regexes0B5_
FNDA:208,_RNCNvNtCscvFFwlzzeuW_23playwright_ast_coverage9selectors36scoped_static_default_for_identifier0B5_
FNDA:8,_RNCNvNtCscvFFwlzzeuW_23playwright_ast_coverage9selectors36scoped_static_default_for_identifiers0_0B5_
FNDA:8,_RNCNvNtCscvFFwlzzeuW_23playwright_ast_coverage9selectors36scoped_static_default_for_identifiers1_0B5_
FNDA:13,_RNCNvNtCscvFFwlzzeuW_23playwright_ast_coverage9selectors36scoped_static_default_for_identifiers_0B5_
FNDA:67,_RNCNvNtCscvFFwlzzeuW_23playwright_ast_coverage9selectors38compile_selector_regexes_with_html_ids0B5_
FNDA:1,_RNCNvNtCscvFFwlzzeuW_23playwright_ast_coverage9selectors39extract_playwright_selector_occurrences0B5_
FNDA:17,_RNCNvNtCscvFFwlzzeuW_23playwright_ast_coverage9selectors41extract_playwright_selectors_with_regexes0B5_
FNDA:1,_RNCNvXsb_NtCscvFFwlzzeuW_23playwright_ast_coverage9selectorsNtB7_25PlaywrightSelectorVisitorNtNtNtCsgD2vp664KNp_13oxc_ast_visit9generated5visit5Visit18visit_if_statement0B9_
FNDA:24,_RNCNvXsb_NtCscvFFwlzzeuW_23playwright_ast_coverage9selectorsNtB7_25PlaywrightSelectorVisitorNtNtNtCsgD2vp664KNp_13oxc_ast_visit9generated5visit5Visit21visit_call_expression0B9_
FNDA:12,_RNCNvXsb_NtCscvFFwlzzeuW_23playwright_ast_coverage9selectorsNtB7_25PlaywrightSelectorVisitorNtNtNtCsgD2vp664KNp_13oxc_ast_visit9generated5visit5Visit21visit_call_expressions0_0B9_
FNDA:9,_RNCNvXsb_NtCscvFFwlzzeuW_23playwright_ast_coverage9selectorsNtB7_25PlaywrightSelectorVisitorNtNtNtCsgD2vp664KNp_13oxc_ast_visit9generated5visit5Visit21visit_call_expressions1_0B9_
FNDA:29,_RNCNvXsb_NtCscvFFwlzzeuW_23playwright_ast_coverage9selectorsNtB7_25PlaywrightSelectorVisitorNtNtNtCsgD2vp664KNp_13oxc_ast_visit9generated5visit5Visit21visit_call_expressions_0B9_
FNDA:1,_RNCNvXsb_NtCscvFFwlzzeuW_23playwright_ast_coverage9selectorsNtB7_25PlaywrightSelectorVisitorNtNtNtCsgD2vp664KNp_13oxc_ast_visit9generated5visit5Visit24visit_logical_expression0B9_
FNDA:1,_RNCNvXsb_NtCscvFFwlzzeuW_23playwright_ast_coverage9selectorsNtB7_25PlaywrightSelectorVisitorNtNtNtCsgD2vp664KNp_13oxc_ast_visit9generated5visit5Visit28visit_conditional_expression0B9_
FNF:186
FNH:186
DA:72,26
DA:73,26
DA:74,26
DA:75,26
DA:76,26
DA:77,26
DA:79,139
DA:80,139
DA:81,139
DA:82,139
DA:83,139
DA:84,139
DA:85,139
DA:86,139
DA:87,139
DA:88,139
DA:89,139
DA:90,10
DA:91,129
DA:92,139
DA:93,139
DA:96,139
DA:97,139
DA:98,139
DA:99,139
DA:100,139
DA:101,231
DA:102,231
DA:103,231
DA:104,139
DA:105,139
DA:107,139
DA:110,158
DA:111,158
DA:112,158
DA:114,126
DA:115,126
DA:116,126
DA:118,24
DA:119,24
DA:120,24
DA:124,54
DA:125,54
DA:126,49
DA:127,5
DA:129,54
DA:133,2
DA:134,2
DA:135,2
DA:141,11
DA:142,11
DA:143,11
DA:147,11
DA:148,11
DA:149,11
DA:153,158
DA:154,158
DA:155,130
DA:156,8
DA:157,20
DA:159,158
DA:161,24
DA:162,24
DA:163,11
DA:164,11
DA:165,2
DA:167,24
DA:171,11
DA:172,11
DA:173,13
DA:174,2
DA:175,9
DA:176,9
DA:177,9
DA:178,9
DA:179,9
DA:180,9
DA:181,9
DA:182,11
DA:184,10
DA:185,10
DA:186,10
DA:187,10
DA:188,18
DA:189,10
DA:190,10
DA:191,10
DA:192,1
DA:193,9
DA:194,9
DA:195,1
DA:196,8
DA:197,8
DA:198,3
DA:199,5
DA:201,5
DA:202,7
DA:203,7
DA:204,1
DA:206,6
DA:208,4
DA:209,10
DA:211,2
DA:212,2
DA:213,3
DA:214,3
DA:215,1
DA:216,2
DA:217,3
DA:219,2
DA:220,2
DA:222,4
DA:223,4
DA:224,4
DA:225,4
DA:226,4
DA:227,4
DA:229,1
DA:230,1
DA:231,1
DA:232,1
DA:233,1
DA:234,1
DA:235,1
DA:237,1
DA:238,1
DA:239,1
DA:240,1
DA:241,1
DA:245,31
DA:246,31
DA:247,9
DA:248,5
DA:249,5
DA:250,7
DA:251,5
DA:253,31
DA:255,11
DA:256,11
DA:257,2
DA:258,3
DA:259,1
DA:260,2
DA:261,3
DA:262,3
DA:265,11
DA:267,11
DA:268,11
DA:269,4
DA:270,4
DA:271,4
DA:272,4
DA:273,1
DA:274,1
DA:275,1
DA:276,1
DA:277,1
DA:278,1
DA:279,1
DA:281,11
DA:285,3
DA:286,3
DA:287,3
DA:288,3
DA:289,3
DA:290,3
DA:291,2
DA:292,5
DA:293,2
DA:294,6
DA:295,5
DA:297,5
DA:298,5
DA:299,3
DA:300,2
DA:301,2
DA:302,2
DA:303,2
DA:304,2
DA:305,2
DA:306,2
DA:307,1
DA:309,1
DA:311,1
DA:313,3
DA:316,8
DA:317,8
DA:318,8
DA:319,8
DA:320,8
DA:321,8
DA:322,8
DA:323,8
DA:324,8
DA:326,134
DA:327,134
DA:328,134
DA:329,134
DA:330,134
DA:331,134
DA:332,132
DA:333,132
DA:334,132
DA:335,132
DA:336,132
DA:337,132
DA:338,132
DA:339,132
DA:340,132
DA:341,132
DA:342,132
DA:343,132
DA:344,132
DA:345,134
DA:348,14
DA:349,14
DA:350,14
DA:351,14
DA:352,14
DA:353,14
DA:354,14
DA:355,14
DA:356,14
DA:357,14
DA:358,14
DA:359,14
DA:361,14
DA:362,14
DA:365,17
DA:366,17
DA:367,17
DA:368,17
DA:369,17
DA:370,17
DA:371,17
DA:372,17
DA:373,17
DA:374,17
DA:377,1
DA:378,1
DA:379,1
DA:380,1
DA:381,1
DA:382,1
DA:383,1
DA:384,1
DA:385,1
DA:386,1
DA:387,1
DA:388,1
DA:389,1
DA:391,1
DA:392,9
DA:393,1
DA:394,1
DA:395,1
DA:396,1
DA:399,17
DA:400,17
DA:401,17
DA:402,17
DA:403,17
DA:404,17
DA:405,17
DA:406,17
DA:407,17
DA:408,17
DA:409,17
DA:411,17
DA:412,17
DA:413,17
DA:414,17
DA:416,52
DA:417,52
DA:418,52
DA:419,52
DA:420,52
DA:421,52
DA:422,52
DA:423,52
DA:424,52
DA:425,52
DA:426,52
DA:427,52
DA:428,52
DA:429,52
DA:430,52
DA:431,52
DA:432,52
DA:433,52
DA:434,52
DA:447,160
DA:448,160
DA:449,160
DA:450,110
DA:451,1
DA:453,109
DA:454,1
DA:456,108
DA:457,9
DA:460,99
DA:461,99
DA:462,99
DA:463,99
DA:464,99
DA:465,98
DA:466,98
DA:467,98
DA:468,98
DA:469,98
DA:470,98
DA:473,160
DA:474,160
DA:478,108
DA:479,150
DA:480,85
DA:481,23
DA:482,23
DA:483,9
DA:484,14
DA:485,14
DA:486,6
DA:487,8
DA:488,8
DA:489,108
DA:492,160
DA:493,160
DA:494,150
DA:495,150
DA:496,150
DA:497,150
DA:498,150
DA:499,8
DA:500,8
DA:501,8
DA:502,8
DA:503,8
DA:504,1
DA:506,1
DA:508,160
DA:521,144
DA:522,144
DA:523,144
DA:524,144
DA:525,144
DA:526,144
DA:528,3
DA:529,3
DA:530,3
DA:531,3
DA:532,3
DA:533,3
DA:534,3
DA:538,147
DA:539,147
DA:540,147
DA:541,147
DA:542,147
DA:543,147
DA:544,31
DA:545,31
DA:546,31
DA:547,31
DA:548,31
DA:549,31
DA:550,31
DA:551,147
DA:564,353
DA:565,353
DA:566,56
DA:567,56
DA:568,56
DA:569,56
DA:570,54
DA:572,297
DA:573,103
DA:574,58
DA:575,58
DA:576,58
DA:577,42
DA:579,58
DA:580,17
DA:581,41
DA:583,194
DA:585,353
DA:586,353
DA:587,300
DA:588,300
DA:589,4
DA:590,8
DA:591,8
DA:592,7
DA:593,7
DA:595,4
DA:596,296
DA:597,296
DA:598,296
DA:599,53
DA:601,53
DA:602,106
DA:603,106
DA:604,53
DA:605,53
DA:606,53
DA:607,53
DA:608,53
DA:609,53
DA:611,353
DA:613,1
DA:614,1
DA:615,1
DA:616,1
DA:617,1
DA:618,1
DA:619,1
DA:620,1
DA:621,1
DA:622,1
DA:624,1
DA:625,1
DA:626,1
DA:627,1
DA:628,1
DA:629,1
DA:630,1
DA:631,1
DA:632,1
DA:633,1
DA:634,1
DA:636,1
DA:637,1
DA:638,1
DA:639,1
DA:640,1
DA:641,1
DA:642,1
DA:646,110
DA:647,110
DA:648,110
DA:649,110
DA:650,110
DA:651,110
DA:653,56
DA:654,56
DA:655,56
DA:656,56
DA:657,56
DA:658,56
DA:660,53
DA:661,53
DA:662,53
DA:663,53
DA:664,53
DA:665,53
DA:667,4
DA:668,4
DA:669,4
DA:670,4
DA:671,4
DA:672,4
DA:673,4
DA:676,109
DA:677,109
DA:678,108
DA:679,1
DA:681,109
DA:683,99
DA:684,99
DA:685,99
DA:686,99
DA:687,99
DA:688,99
DA:689,61
DA:690,61
DA:692,37
DA:693,37
DA:694,37
DA:695,37
DA:697,1
DA:699,99
DA:701,37
DA:702,37
DA:703,37
DA:704,37
DA:705,37
DA:706,37
DA:707,5
DA:708,5
DA:710,7
DA:711,7
DA:713,7
DA:714,7
DA:715,7
DA:718,24
DA:719,24
DA:720,24
DA:721,24
DA:722,24
DA:723,24
DA:725,24
DA:726,24
DA:728,1
DA:729,1
DA:730,1
DA:732,37
DA:734,132
DA:735,132
DA:736,132
DA:737,132
DA:738,132
DA:739,132
DA:740,132
DA:741,132
DA:742,132
DA:744,77
DA:745,77
DA:746,77
DA:747,77
DA:748,77
DA:749,77
DA:750,1
DA:751,77
DA:752,77
DA:753,1
DA:754,1
DA:755,76
DA:757,77
DA:758,16
DA:759,15
DA:760,16
DA:761,16
DA:762,15
DA:763,15
DA:764,15
DA:765,16
DA:767,26
DA:768,29
DA:769,29
DA:770,29
DA:772,1
DA:773,1
DA:774,1
DA:775,1
DA:777,34
DA:779,77
DA:781,93
DA:782,93
DA:783,50
DA:784,50
DA:786,43
DA:788,93
DA:790,77
DA:791,77
DA:792,77
DA:794,17
DA:795,17
DA:796,16
DA:797,1
DA:799,17
DA:801,24
DA:802,24
DA:803,24
DA:804,24
DA:805,24
DA:806,24
DA:807,24
DA:808,24
DA:809,211
DA:810,211
DA:811,80
DA:812,45
DA:813,211
DA:814,24
DA:815,16
DA:816,16
DA:817,24
DA:818,24
DA:819,24
DA:821,16
DA:822,16
DA:823,16
DA:824,16
DA:825,16
DA:826,16
DA:827,16
DA:828,16
DA:829,16
DA:830,16
DA:831,16
DA:832,16
DA:833,16
DA:834,16
DA:835,16
DA:836,16
DA:837,16
DA:838,16
DA:839,16
DA:840,16
DA:841,16
DA:842,16
DA:843,13
DA:844,13
DA:845,12
DA:846,16
DA:848,34
DA:849,34
DA:850,34
DA:851,27
DA:852,27
DA:853,27
DA:854,27
DA:855,3
DA:856,24
DA:857,24
DA:858,24
DA:859,2
DA:860,22
DA:861,22
DA:862,22
DA:863,2
DA:864,20
DA:865,20
DA:866,20
DA:867,20
DA:868,20
DA:869,204
DA:871,4
DA:872,16
DA:873,16
DA:874,9
DA:875,5
DA:876,4
DA:877,7
DA:879,21
DA:880,34
DA:882,38
DA:883,38
DA:884,38
DA:886,17
DA:887,17
DA:888,6
DA:889,6
DA:890,1
DA:892,5
DA:893,1
DA:894,4
DA:895,4
DA:896,124
DA:897,2
DA:898,8
DA:899,2
DA:900,1
DA:901,114
DA:904,3
DA:905,6
DA:906,17
DA:908,51
DA:909,51
DA:910,51
DA:911,51
DA:912,51
DA:913,51
DA:914,51
DA:915,51
DA:916,51
DA:917,51
DA:919,2918
DA:920,2867
DA:921,55
DA:922,3
DA:923,3
DA:924,52
DA:925,52
DA:926,52
DA:927,55
DA:928,2812
DA:929,2812
DA:930,36
DA:931,2
DA:932,2
DA:933,2
DA:934,2
DA:935,2
DA:936,34
DA:938,36
DA:939,2776
DA:940,2776
DA:941,3
DA:942,3
DA:943,3
DA:944,2773
DA:945,2773
DA:946,3
DA:947,3
DA:948,3
DA:949,2770
DA:950,2770
DA:951,53
DA:952,1
DA:953,52
DA:954,3
DA:955,3
DA:956,2
DA:957,2
DA:958,2
DA:959,1
DA:960,49
DA:961,51
DA:962,51
DA:963,2717
DA:964,2717
DA:965,60
DA:966,60
DA:967,60
DA:968,2657
DA:969,2657
DA:970,59
DA:971,59
DA:972,59
DA:973,2598
DA:974,2598
DA:975,21
DA:976,2
DA:977,2
DA:978,2
DA:979,2
DA:980,2
DA:981,19
DA:982,19
DA:983,19
DA:984,19
DA:985,21
DA:986,2577
DA:988,2577
DA:989,3
DA:990,3
DA:991,3
DA:992,3
DA:993,2574
DA:994,2
DA:995,2
DA:996,2
DA:997,2
DA:998,2572
DA:999,8
DA:1000,8
DA:1001,2564
DA:1002,4
DA:1003,4
DA:1004,2560
DA:1005,3
DA:1006,3
DA:1007,2557
DA:1008,2557
DA:1009,2557
DA:1012,51
DA:1013,51
DA:1015,58
DA:1016,58
DA:1017,58
DA:1018,58
DA:1019,58
DA:1020,93
DA:1021,93
DA:1022,42
DA:1023,42
DA:1024,42
DA:1025,42
DA:1026,42
DA:1027,42
DA:1028,42
DA:1029,42
DA:1030,42
DA:1031,42
DA:1032,42
DA:1033,42
DA:1035,58
DA:1037,17
DA:1038,17
DA:1039,17
DA:1040,17
DA:1041,17
DA:1042,17
DA:1043,17
DA:1045,169
DA:1046,152
DA:1047,152
DA:1048,152
DA:1049,152
DA:1050,152
DA:1052,152
DA:1053,1
DA:1054,1
DA:1055,1
DA:1056,151
DA:1057,151
DA:1058,14
DA:1059,1
DA:1060,1
DA:1061,13
DA:1062,13
DA:1063,13
DA:1064,14
DA:1065,137
DA:1066,137
DA:1067,1
DA:1068,1
DA:1069,1
DA:1070,136
DA:1071,136
DA:1072,16
DA:1073,1
DA:1074,15
DA:1075,16
DA:1076,16
DA:1077,120
DA:1078,120
DA:1079,19
DA:1080,3
DA:1081,16
DA:1082,19
DA:1083,19
DA:1084,101
DA:1086,4
DA:1087,1
DA:1088,3
DA:1089,4
DA:1090,4
DA:1091,1
DA:1092,1
DA:1093,1
DA:1094,1
DA:1095,16
DA:1096,16
DA:1097,14
DA:1098,14
DA:1099,14
DA:1100,14
DA:1101,14
DA:1102,14
DA:1103,14
DA:1104,2
DA:1106,72
DA:1109,87
DA:1111,17
DA:1113,16
DA:1114,16
DA:1115,16
DA:1116,123
DA:1117,111
DA:1118,111
DA:1119,4
DA:1120,4
DA:1121,4
DA:1122,4
DA:1123,107
DA:1124,107
DA:1125,4
DA:1126,103
DA:1127,103
DA:1128,103
DA:1131,16
DA:1132,2
DA:1133,14
DA:1135,14
DA:1136,16
DA:1138,6
DA:1139,6
DA:1140,6
DA:1141,6
DA:1142,2
DA:1143,4
DA:1145,4
DA:1146,16
DA:1147,14
DA:1148,14
DA:1149,14
DA:1150,14
DA:1151,14
DA:1152,2
DA:1153,12
DA:1154,12
DA:1155,12
DA:1158,4
DA:1159,4
DA:1160,4
DA:1161,4
DA:1162,4
DA:1164,4
DA:1165,4
DA:1166,6
DA:1168,107
DA:1169,107
DA:1170,107
DA:1172,353
DA:1173,353
DA:1174,353
DA:1176,651
DA:1177,651
DA:1178,436
DA:1179,436
DA:1181,1
DA:1182,1
DA:1184,214
DA:1186,651
DA:1194,297
DA:1195,297
DA:1196,190
DA:1197,189
DA:1198,138
DA:1199,137
DA:1200,137
DA:1201,88
DA:1202,102
DA:1203,87
DA:1205,297
DA:1207,103
DA:1208,103
DA:1209,103
DA:1210,103
DA:1211,103
DA:1212,103
DA:1213,103
DA:1214,103
DA:1215,103
DA:1216,103
DA:1217,55
DA:1218,3
DA:1219,3
DA:1221,1
DA:1222,59
DA:1223,103
DA:1224,103
DA:1226,56
DA:1227,56
DA:1228,56
DA:1229,56
DA:1230,56
DA:1231,56
DA:1232,56
DA:1233,1
DA:1236,55
DA:1237,48
DA:1238,48
DA:1239,48
DA:1240,48
DA:1241,1
DA:1242,1
DA:1243,1
DA:1245,5
DA:1246,5
DA:1247,5
DA:1248,5
DA:1249,5
DA:1250,5
DA:1251,5
DA:1252,5
DA:1253,5
DA:1254,5
DA:1256,1
DA:1259,55
DA:1260,1
DA:1262,54
DA:1263,54
DA:1264,54
DA:1265,54
DA:1266,54
DA:1267,54
DA:1268,54
DA:1269,56
DA:1271,231
DA:1272,231
DA:1274,231
DA:1276,231
DA:1277,231
DA:1279,42
DA:1280,42
DA:1281,42
DA:1282,35
DA:1283,32
DA:1284,28
DA:1286,42
DA:1288,42
DA:1289,42
DA:1290,42
DA:1291,43
DA:1292,42
DA:1294,11
DA:1295,11
DA:1296,11
DA:1297,20
DA:1298,10
DA:1299,10
DA:1300,10
DA:1301,1
DA:1303,9
DA:1305,10
DA:1306,10
DA:1307,11
DA:1309,130
DA:1310,130
DA:1311,130
DA:1312,130
DA:1313,130
DA:1316,6
DA:1317,6
DA:1318,6
DA:1319,6
DA:1320,6
DA:1328,13
DA:1329,13
DA:1330,13
DA:1332,4
DA:1333,4
DA:1334,4
DA:1337,1
DA:1338,1
DA:1339,1
DA:1340,1
DA:1341,1
DA:1342,1
DA:1343,1
DA:1345,1
DA:1346,1
DA:1347,1
DA:1348,1
DA:1349,1
DA:1352,1
DA:1353,1
DA:1354,1
DA:1355,1
DA:1356,1
DA:1357,1
DA:1358,1
DA:1360,1
DA:1361,1
DA:1362,1
DA:1363,1
DA:1364,1
DA:1365,1
DA:1368,1
DA:1369,1
DA:1370,1
DA:1371,1
DA:1372,1
DA:1373,1
DA:1374,1
DA:1375,1
DA:1376,1
DA:1377,1
DA:1378,1
DA:1379,1
DA:1380,1
DA:1381,1
DA:1382,1
DA:1383,1
DA:1384,1
DA:1385,1
DA:1386,1
DA:1387,1
DA:1388,1
DA:1390,1
DA:1392,1
DA:1393,1
DA:1394,5
DA:1395,1
DA:1396,1
DA:1398,1
DA:1399,1
DA:1400,1
DA:1401,1
DA:1402,1
DA:1403,1
DA:1404,1
DA:1406,1
DA:1409,1
DA:1410,1
DA:1411,1
DA:1412,1
DA:1413,1
DA:1414,1
DA:1415,1
DA:1416,1
DA:1417,1
DA:1418,1
DA:1419,1
DA:1420,1
DA:1421,1
DA:1422,1
DA:1423,1
DA:1424,1
DA:1425,1
DA:1426,1
DA:1427,1
DA:1428,1
DA:1429,1
DA:1430,1
DA:1431,1
DA:1432,1
DA:1433,1
DA:1434,1
DA:1435,1
DA:1436,1
DA:1437,1
DA:1438,1
DA:1439,1
DA:1440,1
DA:1441,1
DA:1442,1
DA:1443,1
DA:1444,1
DA:1445,1
DA:1446,1
DA:1447,1
DA:1448,1
DA:1449,1
DA:1450,1
DA:1451,1
DA:1452,1
DA:1453,1
DA:1454,1
DA:1455,1
DA:1456,1
DA:1457,1
DA:1458,1
DA:1459,1
DA:1460,1
DA:1461,1
DA:1462,1
DA:1463,1
DA:1464,1
DA:1465,1
DA:1466,1
DA:1467,1
DA:1468,1
DA:1469,1
DA:1470,1
DA:1471,1
DA:1472,1
DA:1473,1
DA:1474,1
DA:1475,1
DA:1476,1
DA:1477,1
DA:1478,1
DA:1479,1
DA:1480,1
DA:1481,1
DA:1482,1
DA:1483,1
DA:1484,1
DA:1485,1
DA:1486,1
DA:1487,1
DA:1488,1
DA:1489,1
DA:1490,1
DA:1491,1
DA:1492,1
DA:1493,1
DA:1494,1
DA:1495,1
DA:1496,1
DA:1497,1
DA:1498,1
DA:1500,1
DA:1502,1
DA:1503,1
DA:1504,1
DA:1505,1
DA:1507,1
DA:1509,1
DA:1510,1
DA:1511,1
DA:1512,1
DA:1513,1
DA:1514,1
DA:1515,1
DA:1516,1
DA:1517,1
DA:1518,1
DA:1519,1
DA:1520,1
DA:1521,1
DA:1522,1
DA:1523,1
DA:1526,1
DA:1529,1
DA:1530,1
DA:1531,1
DA:1532,1
DA:1533,1
DA:1534,1
DA:1535,1
DA:1536,1
DA:1538,1
DA:1539,1
DA:1540,1
DA:1543,1
DA:1544,1
DA:1545,1
DA:1546,1
DA:1547,1
DA:1548,1
DA:1549,6
DA:1550,1
DA:1551,1
DA:1552,4
DA:1553,1
DA:1554,1
DA:1555,1
DA:1556,1
DA:1557,1
DA:1558,2
DA:1559,1
DA:1560,1
DA:1561,3
DA:1562,1
DA:1563,1
DA:1564,5
DA:1565,1
DA:1568,1
DA:1569,1
DA:1570,1
DA:1571,1
DA:1572,1
DA:1573,1
DA:1574,1
DA:1575,1
DA:1576,1
DA:1577,1
DA:1578,1
DA:1579,1
DA:1580,1
DA:1581,1
DA:1582,1
DA:1583,1
DA:1584,1
DA:1585,1
DA:1586,1
DA:1587,1
DA:1588,1
DA:1589,1
DA:1590,1
DA:1591,1
DA:1592,1
DA:1593,1
DA:1594,1
DA:1595,1
DA:1596,1
DA:1597,1
DA:1598,1
DA:1599,1
DA:1600,1
DA:1601,1
DA:1602,1
DA:1603,1
DA:1604,1
DA:1605,1
DA:1608,1
DA:1610,1
DA:1611,1
DA:1612,1
DA:1613,1
DA:1614,1
DA:1615,1
DA:1616,1
DA:1617,1
DA:1618,1
DA:1619,1
DA:1620,1
DA:1621,1
DA:1622,1
DA:1623,1
DA:1624,1
DA:1625,1
DA:1626,1
DA:1627,1
DA:1628,1
DA:1629,1
DA:1630,1
DA:1631,1
DA:1632,1
DA:1633,1
DA:1634,1
DA:1635,1
DA:1636,1
DA:1637,1
DA:1640,1
DA:1643,1
DA:1644,1
DA:1645,1
DA:1646,1
DA:1647,1
DA:1648,1
DA:1649,1
DA:1650,1
DA:1651,1
DA:1652,1
DA:1653,1
DA:1654,1
DA:1655,1
DA:1656,1
DA:1657,1
DA:1658,7
DA:1659,1
DA:1660,1
DA:1661,2
DA:1662,1
DA:1663,1
DA:1664,8
DA:1665,1
DA:1666,1
DA:1667,3
DA:1668,1
DA:1669,1
DA:1670,6
DA:1671,1
DA:1672,1
DA:1673,1
DA:1674,1
DA:1675,1
DA:1676,5
DA:1677,1
DA:1678,1
DA:1679,9
DA:1680,1
DA:1681,1
DA:1682,4
DA:1683,1
DA:1684,1
DA:1685,9
DA:1686,1
DA:1689,1
DA:1690,1
DA:1691,1
DA:1692,1
DA:1695,1
DA:1696,1
DA:1697,1
DA:1698,1
DA:1699,1
DA:1700,1
DA:1701,1
DA:1702,1
DA:1703,1
DA:1704,1
DA:1705,1
DA:1706,1
DA:1707,1
DA:1709,1
DA:1710,1
DA:1711,1
DA:1712,3
DA:1713,1
DA:1714,1
DA:1716,1
DA:1717,1
DA:1718,1
DA:1719,1
DA:1720,1
DA:1723,1
DA:1724,1
DA:1725,1
DA:1726,1
DA:1727,1
DA:1728,1
DA:1729,1
DA:1730,1
DA:1731,1
DA:1732,1
DA:1734,1
DA:1735,1
DA:1736,1
DA:1737,4
DA:1738,1
DA:1739,1
DA:1741,1
DA:1742,1
DA:1743,1
DA:1744,1
DA:1745,1
DA:1746,1
DA:1748,1
DA:1751,1
DA:1752,1
DA:1753,1
DA:1754,1
DA:1755,1
DA:1756,1
DA:1757,1
DA:1758,1
DA:1759,1
DA:1760,1
DA:1761,1
DA:1763,1
DA:1764,1
DA:1765,1
DA:1766,2
DA:1767,1
DA:1769,1
DA:1771,1
DA:1772,1
DA:1773,1
DA:1776,1
DA:1779,1
DA:1780,1
DA:1781,1
DA:1782,1
DA:1783,1
DA:1784,1
DA:1785,1
DA:1786,1
DA:1787,1
DA:1788,1
DA:1789,1
DA:1790,1
DA:1791,1
DA:1792,1
DA:1793,1
DA:1795,1
DA:1796,1
DA:1797,1
DA:1798,6
DA:1799,1
DA:1801,1
DA:1803,1
DA:1804,1
DA:1805,1
DA:1806,1
DA:1807,1
DA:1808,1
DA:1809,1
DA:1812,1
DA:1815,1
DA:1816,1
DA:1817,1
DA:1818,1
DA:1819,1
DA:1820,1
DA:1821,1
DA:1823,1
DA:1824,1
DA:1825,1
DA:1826,2
DA:1828,1
DA:1829,1
DA:1830,1
DA:1831,1
DA:1832,1
DA:1833,7
DA:1834,1
DA:1835,1
DA:1836,6
DA:1837,1
DA:1838,1
DA:1839,8
DA:1840,1
DA:1841,1
DA:1842,3
DA:1843,1
DA:1844,1
DA:1845,2
DA:1846,1
DA:1847,1
DA:1848,5
DA:1849,1
DA:1850,1
DA:1851,4
DA:1852,1
DA:1853,1
DA:1854,1
DA:1855,1
DA:1858,1
DA:1859,1
DA:1860,1
DA:1861,1
DA:1862,1
DA:1863,1
DA:1865,1
DA:1866,1
DA:1869,1
DA:1870,1
DA:1871,1
DA:1872,1
DA:1873,1
DA:1874,1
DA:1875,1
DA:1876,1
DA:1877,1
DA:1878,1
DA:1879,1
DA:1881,1
DA:1882,1
DA:1883,5
DA:1885,1
DA:1886,1
DA:1888,1
DA:1889,1
DA:1890,1
DA:1891,1
DA:1892,1
DA:1893,1
DA:1894,1
DA:1897,1
DA:1898,1
DA:1899,1
DA:1900,1
DA:1901,1
DA:1902,1
DA:1903,1
DA:1904,1
DA:1905,1
DA:1906,1
DA:1907,1
DA:1909,1
DA:1910,1
DA:1911,5
DA:1912,1
DA:1915,1
DA:1916,1
DA:1917,1
DA:1918,1
DA:1919,1
DA:1920,1
DA:1921,1
DA:1922,1
DA:1923,1
DA:1924,1
DA:1925,1
DA:1926,3
DA:1927,1
DA:1930,1
DA:1931,1
DA:1932,1
DA:1933,1
DA:1934,1
DA:1935,1
DA:1936,1
DA:1937,1
DA:1938,1
DA:1939,1
DA:1940,1
DA:1942,1
DA:1943,1
DA:1944,1
DA:1947,1
DA:1948,1
DA:1949,1
DA:1950,1
DA:1951,1
DA:1952,1
DA:1953,1
DA:1954,1
DA:1955,1
DA:1956,1
DA:1959,1
DA:1960,1
DA:1961,1
DA:1964,1
DA:1965,1
DA:1966,1
DA:1967,1
DA:1968,1
DA:1969,1
DA:1970,1
DA:1971,1
DA:1972,1
DA:1973,1
DA:1974,1
DA:1976,1
DA:1977,1
DA:1978,1
DA:1979,1
DA:1980,1
DA:1981,1
DA:1982,1
DA:1983,1
DA:1985,1
DA:1988,1
DA:1989,1
DA:1990,1
DA:1991,1
DA:1992,1
DA:1993,1
DA:1995,1
DA:1996,1
DA:1999,1
DA:2000,1
DA:2001,1
DA:2002,1
DA:2003,1
DA:2006,1
DA:2007,1
DA:2008,1
DA:2011,1
DA:2012,1
DA:2013,1
DA:2014,1
DA:2015,1
DA:2016,1
DA:2017,1
DA:2020,1
DA:2021,1
DA:2022,1
DA:2023,1
DA:2024,1
DA:2026,1
DA:2027,1
DA:2028,1
DA:2029,1
DA:2030,1
DA:2031,1
DA:2032,1
DA:2033,1
DA:2034,1
DA:2035,1
DA:2037,1
DA:2038,1
DA:2039,1
DA:2040,1
DA:2041,1
DA:2042,1
DA:2043,1
DA:2044,1
DA:2045,1
DA:2046,1
DA:2047,1
DA:2050,1
DA:2051,1
DA:2052,1
DA:2053,1
DA:2056,1
DA:2057,1
DA:2058,1
DA:2061,1
DA:2062,1
DA:2063,1
DA:2064,1
DA:2065,1
DA:2066,1
DA:2067,1
DA:2068,1
DA:2069,1
DA:2070,1
DA:2073,1
DA:2074,1
DA:2076,1
DA:2077,1
DA:2078,1
DA:2080,1
DA:2081,1
DA:2082,1
DA:2084,1
DA:2085,1
DA:2086,1
DA:2087,1
DA:2088,1
DA:2089,1
DA:2090,1
DA:2091,1
DA:2092,1
DA:2093,1
DA:2094,1
DA:2095,1
DA:2096,1
DA:2099,1
DA:2100,1
DA:2101,1
DA:2102,1
DA:2103,1
DA:2104,1
DA:2105,1
DA:2106,1
DA:2107,1
BRF:0
BRH:0
LF:1756
LH:1755
end_of_record
SF:/Users/jong/playwright-ast-coverage/crates/playwright-ast-coverage/src/test_support.rs
FN:3,_RNvNtCscvFFwlzzeuW_23playwright_ast_coverage12test_support12fixture_path
FN:10,_RNvNtCscvFFwlzzeuW_23playwright_ast_coverage12test_support14fixture_source
FNDA:77,_RNvNtCscvFFwlzzeuW_23playwright_ast_coverage12test_support12fixture_path
FNDA:42,_RNvNtCscvFFwlzzeuW_23playwright_ast_coverage12test_support14fixture_source
FNF:2
FNH:2
DA:3,77
DA:4,77
DA:5,77
DA:6,77
DA:7,77
DA:8,77
DA:10,42
DA:11,42
DA:12,42
BRF:0
BRH:0
LF:9
LH:9
end_of_record